This is pdfTeX, Version 3.141592653-2.6-1.40.22 (TeX Live 2022/dev/Debian) (preloaded format=pdflatex 2025.1.13)  25 MAR 2025 13:31
entering extended mode
 restricted \write18 enabled.
 file:line:error style messages enabled.
 %&-line parsing enabled.
**/media/CrazyProjects/CrazyResearch/ChristianSchuler-Research/Slides-2025-MTACR/presentation.tex
(/media/CrazyProjects/CrazyResearch/ChristianSchuler-Research/Slides-2025-MTACR/presentation.tex
LaTeX2e <2021-11-15> patch level 1
L3 programming layer <2022-01-21> (/usr/share/texlive/texmf-dist/tex/latex/beamer/beamer.cls
Document Class: beamer 2022/01/21 v3.65 A class for typesetting presentations
(/usr/share/texlive/texmf-dist/tex/latex/beamer/beamerbasemodes.sty (/usr/share/texlive/texmf-dist/tex/latex/etoolbox/etoolbox.sty
Package: etoolbox 2020/10/05 v2.5k e-TeX tools for LaTeX (JAW)
\etb@tempcnta=\count185
)
\beamer@tempbox=\box50
\beamer@tempcount=\count186
\c@beamerpauses=\count187
 (/usr/share/texlive/texmf-dist/tex/latex/beamer/beamerbasedecode.sty
\beamer@slideinframe=\count188
\beamer@minimum=\count189
\beamer@decode@box=\box51
)
\beamer@commentbox=\box52
\beamer@modecount=\count190
) (/usr/share/texlive/texmf-dist/tex/generic/iftex/ifpdf.sty
Package: ifpdf 2019/10/25 v3.4 ifpdf legacy package. Use iftex instead.
 (/usr/share/texlive/texmf-dist/tex/generic/iftex/iftex.sty
Package: iftex 2020/03/06 v1.0d TeX engine tests
))
\headdp=\dimen138
\footheight=\dimen139
\sidebarheight=\dimen140
\beamer@tempdim=\dimen141
\beamer@finalheight=\dimen142
\beamer@animht=\dimen143
\beamer@animdp=\dimen144
\beamer@animwd=\dimen145
\beamer@leftmargin=\dimen146
\beamer@rightmargin=\dimen147
\beamer@leftsidebar=\dimen148
\beamer@rightsidebar=\dimen149
\beamer@boxsize=\dimen150
\beamer@vboxoffset=\dimen151
\beamer@descdefault=\dimen152
\beamer@descriptionwidth=\dimen153
\beamer@lastskip=\skip47
\beamer@areabox=\box53
\beamer@animcurrent=\box54
\beamer@animshowbox=\box55
\beamer@sectionbox=\box56
\beamer@logobox=\box57
\beamer@linebox=\box58
\beamer@sectioncount=\count191
\beamer@subsubsectionmax=\count192
\beamer@subsectionmax=\count193
\beamer@sectionmax=\count194
\beamer@totalheads=\count195
\beamer@headcounter=\count196
\beamer@partstartpage=\count197
\beamer@sectionstartpage=\count198
\beamer@subsectionstartpage=\count199
\beamer@animationtempa=\count266
\beamer@animationtempb=\count267
\beamer@xpos=\count268
\beamer@ypos=\count269
\beamer@ypos@offset=\count270
\beamer@showpartnumber=\count271
\beamer@currentsubsection=\count272
\beamer@coveringdepth=\count273
\beamer@sectionadjust=\count274
\beamer@toclastsection=\count275
\beamer@tocsectionnumber=\count276
 (/usr/share/texlive/texmf-dist/tex/latex/beamer/beamerbaseoptions.sty (/usr/share/texlive/texmf-dist/tex/latex/graphics/keyval.sty
Package: keyval 2014/10/28 v1.15 key=value parser (DPC)
\KV@toks@=\toks16
))
\beamer@paperwidth=\skip48
\beamer@paperheight=\skip49
 (/usr/share/texlive/texmf-dist/tex/latex/geometry/geometry.sty
Package: geometry 2020/01/02 v5.9 Page Geometry
 (/usr/share/texlive/texmf-dist/tex/generic/iftex/ifvtex.sty
Package: ifvtex 2019/10/25 v1.7 ifvtex legacy package. Use iftex instead.
)
\Gm@cnth=\count277
\Gm@cntv=\count278
\c@Gm@tempcnt=\count279
\Gm@bindingoffset=\dimen154
\Gm@wd@mp=\dimen155
\Gm@odd@mp=\dimen156
\Gm@even@mp=\dimen157
\Gm@layoutwidth=\dimen158
\Gm@layoutheight=\dimen159
\Gm@layouthoffset=\dimen160
\Gm@layoutvoffset=\dimen161
\Gm@dimlist=\toks17
) (/usr/share/texlive/texmf-dist/tex/latex/pgf/basiclayer/pgfcore.sty (/usr/share/texlive/texmf-dist/tex/latex/graphics/graphicx.sty
Package: graphicx 2021/09/16 v1.2d Enhanced LaTeX Graphics (DPC,SPQR)
 (/usr/share/texlive/texmf-dist/tex/latex/graphics/graphics.sty
Package: graphics 2021/03/04 v1.4d Standard LaTeX Graphics (DPC,SPQR)
 (/usr/share/texlive/texmf-dist/tex/latex/graphics/trig.sty
Package: trig 2021/08/11 v1.11 sin cos tan (DPC)
) (/usr/share/texlive/texmf-dist/tex/latex/graphics-cfg/graphics.cfg
File: graphics.cfg 2016/06/04 v1.11 sample graphics configuration
)
Package graphics Info: Driver file: pdftex.def on input line 107.
 (/usr/share/texlive/texmf-dist/tex/latex/graphics-def/pdftex.def
File: pdftex.def 2020/10/05 v1.2a Graphics/color driver for pdftex
))
\Gin@req@height=\dimen162
\Gin@req@width=\dimen163
) (/usr/share/texlive/texmf-dist/tex/latex/pgf/systemlayer/pgfsys.sty (/usr/share/texlive/texmf-dist/tex/latex/pgf/utilities/pgfrcs.sty (/usr/share/texlive/texmf-dist/tex/generic/pgf/utilities/pgfutil-common.tex
\pgfutil@everybye=\toks18
\pgfutil@tempdima=\dimen164
\pgfutil@tempdimb=\dimen165
 (/usr/share/texlive/texmf-dist/tex/generic/pgf/utilities/pgfutil-common-lists.tex)) (/usr/share/texlive/texmf-dist/tex/generic/pgf/utilities/pgfutil-latex.def
\pgfutil@abb=\box59
) (/usr/share/texlive/texmf-dist/tex/generic/pgf/utilities/pgfrcs.code.tex (/usr/share/texlive/texmf-dist/tex/generic/pgf/pgf.revision.tex)
Package: pgfrcs 2021/05/15 v3.1.9a (3.1.9a)
)) (/usr/share/texlive/texmf-dist/tex/generic/pgf/systemlayer/pgfsys.code.tex
Package: pgfsys 2021/05/15 v3.1.9a (3.1.9a)
 (/usr/share/texlive/texmf-dist/tex/generic/pgf/utilities/pgfkeys.code.tex
\pgfkeys@pathtoks=\toks19
\pgfkeys@temptoks=\toks20
 (/usr/share/texlive/texmf-dist/tex/generic/pgf/utilities/pgfkeysfiltered.code.tex
\pgfkeys@tmptoks=\toks21
))
\pgf@x=\dimen166
\pgf@y=\dimen167
\pgf@xa=\dimen168
\pgf@ya=\dimen169
\pgf@xb=\dimen170
\pgf@yb=\dimen171
\pgf@xc=\dimen172
\pgf@yc=\dimen173
\pgf@xd=\dimen174
\pgf@yd=\dimen175
\w@pgf@writea=\write3
\r@pgf@reada=\read2
\c@pgf@counta=\count280
\c@pgf@countb=\count281
\c@pgf@countc=\count282
\c@pgf@countd=\count283
\t@pgf@toka=\toks22
\t@pgf@tokb=\toks23
\t@pgf@tokc=\toks24
\pgf@sys@id@count=\count284
 (/usr/share/texlive/texmf-dist/tex/generic/pgf/systemlayer/pgf.cfg
File: pgf.cfg 2021/05/15 v3.1.9a (3.1.9a)
)
Driver file for pgf: pgfsys-pdftex.def
 (/usr/share/texlive/texmf-dist/tex/generic/pgf/systemlayer/pgfsys-pdftex.def
File: pgfsys-pdftex.def 2021/05/15 v3.1.9a (3.1.9a)
 (/usr/share/texlive/texmf-dist/tex/generic/pgf/systemlayer/pgfsys-common-pdf.def
File: pgfsys-common-pdf.def 2021/05/15 v3.1.9a (3.1.9a)
))) (/usr/share/texlive/texmf-dist/tex/generic/pgf/systemlayer/pgfsyssoftpath.code.tex
File: pgfsyssoftpath.code.tex 2021/05/15 v3.1.9a (3.1.9a)
\pgfsyssoftpath@smallbuffer@items=\count285
\pgfsyssoftpath@bigbuffer@items=\count286
) (/usr/share/texlive/texmf-dist/tex/generic/pgf/systemlayer/pgfsysprotocol.code.tex
File: pgfsysprotocol.code.tex 2021/05/15 v3.1.9a (3.1.9a)
)) (/usr/share/texlive/texmf-dist/tex/latex/xcolor/xcolor.sty
Package: xcolor 2021/10/31 v2.13 LaTeX color extensions (UK)
 (/usr/share/texlive/texmf-dist/tex/latex/graphics-cfg/color.cfg
File: color.cfg 2016/01/02 v1.6 sample color configuration
)
Package xcolor Info: Driver file: pdftex.def on input line 227.
Package xcolor Info: Model `cmy' substituted by `cmy0' on input line 1352.
Package xcolor Info: Model `hsb' substituted by `rgb' on input line 1356.
Package xcolor Info: Model `RGB' extended on input line 1368.
Package xcolor Info: Model `HTML' substituted by `rgb' on input line 1370.
Package xcolor Info: Model `Hsb' substituted by `hsb' on input line 1371.
Package xcolor Info: Model `tHsb' substituted by `hsb' on input line 1372.
Package xcolor Info: Model `HSB' substituted by `hsb' on input line 1373.
Package xcolor Info: Model `Gray' substituted by `gray' on input line 1374.
Package xcolor Info: Model `wave' substituted by `hsb' on input line 1375.
) (/usr/share/texlive/texmf-dist/tex/generic/pgf/basiclayer/pgfcore.code.tex
Package: pgfcore 2021/05/15 v3.1.9a (3.1.9a)
 (/usr/share/texlive/texmf-dist/tex/generic/pgf/math/pgfmath.code.tex (/usr/share/texlive/texmf-dist/tex/generic/pgf/math/pgfmathcalc.code.tex (/usr/share/texlive/texmf-dist/tex/generic/pgf/math/pgfmathutil.code.tex) (/usr/share/texlive/texmf-dist/tex/generic/pgf/math/pgfmathparser.code.tex
\pgfmath@dimen=\dimen176
\pgfmath@count=\count287
\pgfmath@box=\box60
\pgfmath@toks=\toks25
\pgfmath@stack@operand=\toks26
\pgfmath@stack@operation=\toks27
) (/usr/share/texlive/texmf-dist/tex/generic/pgf/math/pgfmathfunctions.code.tex (/usr/share/texlive/texmf-dist/tex/generic/pgf/math/pgfmathfunctions.basic.code.tex) (/usr/share/texlive/texmf-dist/tex/generic/pgf/math/pgfmathfunctions.trigonometric.code.tex) (/usr/share/texlive/texmf-dist/tex/generic/pgf/math/pgfmathfunctions.random.code.tex) (/usr/share/texlive/texmf-dist/tex/generic/pgf/math/pgfmathfunctions.comparison.code.tex) (/usr/share/texlive/texmf-dist/tex/generic/pgf/math/pgfmathfunctions.base.code.tex) (/usr/share/texlive/texmf-dist/tex/generic/pgf/math/pgfmathfunctions.round.code.tex) (/usr/share/texlive/texmf-dist/tex/generic/pgf/math/pgfmathfunctions.misc.code.tex) (/usr/share/texlive/texmf-dist/tex/generic/pgf/math/pgfmathfunctions.integerarithmetics.code.tex))) (/usr/share/texlive/texmf-dist/tex/generic/pgf/math/pgfmathfloat.code.tex
\c@pgfmathroundto@lastzeros=\count288
)) (/usr/share/texlive/texmf-dist/tex/generic/pgf/math/pgfint.code.tex) (/usr/share/texlive/texmf-dist/tex/generic/pgf/basiclayer/pgfcorepoints.code.tex
File: pgfcorepoints.code.tex 2021/05/15 v3.1.9a (3.1.9a)
\pgf@picminx=\dimen177
\pgf@picmaxx=\dimen178
\pgf@picminy=\dimen179
\pgf@picmaxy=\dimen180
\pgf@pathminx=\dimen181
\pgf@pathmaxx=\dimen182
\pgf@pathminy=\dimen183
\pgf@pathmaxy=\dimen184
\pgf@xx=\dimen185
\pgf@xy=\dimen186
\pgf@yx=\dimen187
\pgf@yy=\dimen188
\pgf@zx=\dimen189
\pgf@zy=\dimen190
) (/usr/share/texlive/texmf-dist/tex/generic/pgf/basiclayer/pgfcorepathconstruct.code.tex
File: pgfcorepathconstruct.code.tex 2021/05/15 v3.1.9a (3.1.9a)
\pgf@path@lastx=\dimen191
\pgf@path@lasty=\dimen192
) (/usr/share/texlive/texmf-dist/tex/generic/pgf/basiclayer/pgfcorepathusage.code.tex
File: pgfcorepathusage.code.tex 2021/05/15 v3.1.9a (3.1.9a)
\pgf@shorten@end@additional=\dimen193
\pgf@shorten@start@additional=\dimen194
) (/usr/share/texlive/texmf-dist/tex/generic/pgf/basiclayer/pgfcorescopes.code.tex
File: pgfcorescopes.code.tex 2021/05/15 v3.1.9a (3.1.9a)
\pgfpic=\box61
\pgf@hbox=\box62
\pgf@layerbox@main=\box63
\pgf@picture@serial@count=\count289
) (/usr/share/texlive/texmf-dist/tex/generic/pgf/basiclayer/pgfcoregraphicstate.code.tex
File: pgfcoregraphicstate.code.tex 2021/05/15 v3.1.9a (3.1.9a)
\pgflinewidth=\dimen195
) (/usr/share/texlive/texmf-dist/tex/generic/pgf/basiclayer/pgfcoretransformations.code.tex
File: pgfcoretransformations.code.tex 2021/05/15 v3.1.9a (3.1.9a)
\pgf@pt@x=\dimen196
\pgf@pt@y=\dimen197
\pgf@pt@temp=\dimen198
) (/usr/share/texlive/texmf-dist/tex/generic/pgf/basiclayer/pgfcorequick.code.tex
File: pgfcorequick.code.tex 2021/05/15 v3.1.9a (3.1.9a)
) (/usr/share/texlive/texmf-dist/tex/generic/pgf/basiclayer/pgfcoreobjects.code.tex
File: pgfcoreobjects.code.tex 2021/05/15 v3.1.9a (3.1.9a)
) (/usr/share/texlive/texmf-dist/tex/generic/pgf/basiclayer/pgfcorepathprocessing.code.tex
File: pgfcorepathprocessing.code.tex 2021/05/15 v3.1.9a (3.1.9a)
) (/usr/share/texlive/texmf-dist/tex/generic/pgf/basiclayer/pgfcorearrows.code.tex
File: pgfcorearrows.code.tex 2021/05/15 v3.1.9a (3.1.9a)
\pgfarrowsep=\dimen199
) (/usr/share/texlive/texmf-dist/tex/generic/pgf/basiclayer/pgfcoreshade.code.tex
File: pgfcoreshade.code.tex 2021/05/15 v3.1.9a (3.1.9a)
\pgf@max=\dimen256
\pgf@sys@shading@range@num=\count290
\pgf@shadingcount=\count291
) (/usr/share/texlive/texmf-dist/tex/generic/pgf/basiclayer/pgfcoreimage.code.tex
File: pgfcoreimage.code.tex 2021/05/15 v3.1.9a (3.1.9a)
 (/usr/share/texlive/texmf-dist/tex/generic/pgf/basiclayer/pgfcoreexternal.code.tex
File: pgfcoreexternal.code.tex 2021/05/15 v3.1.9a (3.1.9a)
\pgfexternal@startupbox=\box64
)) (/usr/share/texlive/texmf-dist/tex/generic/pgf/basiclayer/pgfcorelayers.code.tex
File: pgfcorelayers.code.tex 2021/05/15 v3.1.9a (3.1.9a)
) (/usr/share/texlive/texmf-dist/tex/generic/pgf/basiclayer/pgfcoretransparency.code.tex
File: pgfcoretransparency.code.tex 2021/05/15 v3.1.9a (3.1.9a)
) (/usr/share/texlive/texmf-dist/tex/generic/pgf/basiclayer/pgfcorepatterns.code.tex
File: pgfcorepatterns.code.tex 2021/05/15 v3.1.9a (3.1.9a)
) (/usr/share/texlive/texmf-dist/tex/generic/pgf/basiclayer/pgfcorerdf.code.tex
File: pgfcorerdf.code.tex 2021/05/15 v3.1.9a (3.1.9a)
))) (/usr/share/texlive/texmf-dist/tex/latex/base/size11.clo
File: size11.clo 2021/10/04 v1.4n Standard LaTeX file (size option)
) (/usr/share/texlive/texmf-dist/tex/latex/pgf/utilities/xxcolor.sty
Package: xxcolor 2003/10/24 ver 0.1
\XC@nummixins=\count292
\XC@countmixins=\count293
) (/usr/share/texlive/texmf-dist/tex/latex/base/atbegshi-ltx.sty
Package: atbegshi-ltx 2021/01/10 v1.0c Emulation of the original atbegshi
package with kernel methods
) (/usr/share/texlive/texmf-dist/tex/latex/hyperref/hyperref.sty
Package: hyperref 2021-06-07 v7.00m Hypertext links for LaTeX
 (/usr/share/texlive/texmf-dist/tex/generic/ltxcmds/ltxcmds.sty
Package: ltxcmds 2020-05-10 v1.25 LaTeX kernel commands for general use (HO)
) (/usr/share/texlive/texmf-dist/tex/generic/pdftexcmds/pdftexcmds.sty
Package: pdftexcmds 2020-06-27 v0.33 Utility functions of pdfTeX for LuaTeX (HO)
 (/usr/share/texlive/texmf-dist/tex/generic/infwarerr/infwarerr.sty
Package: infwarerr 2019/12/03 v1.5 Providing info/warning/error messages (HO)
)
Package pdftexcmds Info: \pdf@primitive is available.
Package pdftexcmds Info: \pdf@ifprimitive is available.
Package pdftexcmds Info: \pdfdraftmode found.
) (/usr/share/texlive/texmf-dist/tex/generic/kvsetkeys/kvsetkeys.sty
Package: kvsetkeys 2019/12/15 v1.18 Key value parser (HO)
) (/usr/share/texlive/texmf-dist/tex/generic/kvdefinekeys/kvdefinekeys.sty
Package: kvdefinekeys 2019-12-19 v1.6 Define keys (HO)
) (/usr/share/texlive/texmf-dist/tex/generic/pdfescape/pdfescape.sty
Package: pdfescape 2019/12/09 v1.15 Implements pdfTeX's escape features (HO)
) (/usr/share/texlive/texmf-dist/tex/latex/hycolor/hycolor.sty
Package: hycolor 2020-01-27 v1.10 Color options for hyperref/bookmark (HO)
) (/usr/share/texlive/texmf-dist/tex/latex/letltxmacro/letltxmacro.sty
Package: letltxmacro 2019/12/03 v1.6 Let assignment for LaTeX macros (HO)
) (/usr/share/texlive/texmf-dist/tex/latex/auxhook/auxhook.sty
Package: auxhook 2019-12-17 v1.6 Hooks for auxiliary files (HO)
) (/usr/share/texlive/texmf-dist/tex/latex/kvoptions/kvoptions.sty
Package: kvoptions 2020-10-07 v3.14 Key value format for package options (HO)
)
\@linkdim=\dimen257
\Hy@linkcounter=\count294
\Hy@pagecounter=\count295
 (/usr/share/texlive/texmf-dist/tex/latex/hyperref/pd1enc.def
File: pd1enc.def 2021-06-07 v7.00m Hyperref: PDFDocEncoding definition (HO)
Now handling font encoding PD1 ...
... no UTF-8 mapping file for font encoding PD1
) (/usr/share/texlive/texmf-dist/tex/latex/hyperref/hyperref-langpatches.def
File: hyperref-langpatches.def 2021-06-07 v7.00m Hyperref: patches for babel languages
) (/usr/share/texlive/texmf-dist/tex/generic/intcalc/intcalc.sty
Package: intcalc 2019/12/15 v1.3 Expandable calculations with integers (HO)
) (/usr/share/texlive/texmf-dist/tex/generic/etexcmds/etexcmds.sty
Package: etexcmds 2019/12/15 v1.7 Avoid name clashes with e-TeX commands (HO)
)
\Hy@SavedSpaceFactor=\count296
 (/usr/share/texlive/texmf-dist/tex/latex/hyperref/puenc.def
File: puenc.def 2021-06-07 v7.00m Hyperref: PDF Unicode definition (HO)
Now handling font encoding PU ...
... no UTF-8 mapping file for font encoding PU
)
Package hyperref Info: Option `bookmarks' set `true' on input line 4073.
Package hyperref Info: Option `bookmarksopen' set `true' on input line 4073.
Package hyperref Info: Option `implicit' set `false' on input line 4073.
Package hyperref Info: Hyper figures OFF on input line 4192.
Package hyperref Info: Link nesting OFF on input line 4197.
Package hyperref Info: Hyper index ON on input line 4200.
Package hyperref Info: Plain pages OFF on input line 4207.
Package hyperref Info: Backreferencing OFF on input line 4212.
Package hyperref Info: Implicit mode OFF; no redefinition of LaTeX internals.
Package hyperref Info: Bookmarks ON on input line 4445.
\c@Hy@tempcnt=\count297
 (/usr/share/texlive/texmf-dist/tex/latex/url/url.sty
\Urlmuskip=\muskip16
Package: url 2013/09/16  ver 3.4  Verb mode for urls, etc.
)
LaTeX Info: Redefining \url on input line 4804.
\XeTeXLinkMargin=\dimen258
 (/usr/share/texlive/texmf-dist/tex/generic/bitset/bitset.sty
Package: bitset 2019/12/09 v1.3 Handle bit-vector datatype (HO)
 (/usr/share/texlive/texmf-dist/tex/generic/bigintcalc/bigintcalc.sty
Package: bigintcalc 2019/12/15 v1.5 Expandable calculations on big integers (HO)
))
\Fld@menulength=\count298
\Field@Width=\dimen259
\Fld@charsize=\dimen260
Package hyperref Info: Hyper figures OFF on input line 6076.
Package hyperref Info: Link nesting OFF on input line 6081.
Package hyperref Info: Hyper index ON on input line 6084.
Package hyperref Info: backreferencing OFF on input line 6091.
Package hyperref Info: Link coloring OFF on input line 6096.
Package hyperref Info: Link coloring with OCG OFF on input line 6101.
Package hyperref Info: PDF/A mode OFF on input line 6106.
LaTeX Info: Redefining \ref on input line 6146.
LaTeX Info: Redefining \pageref on input line 6150.
\Hy@abspage=\count299


Package hyperref Message: Stopped early.

)
Package hyperref Info: Driver (autodetected): hpdftex.
 (/usr/share/texlive/texmf-dist/tex/latex/hyperref/hpdftex.def
File: hpdftex.def 2021-06-07 v7.00m Hyperref driver for pdfTeX
 (/usr/share/texlive/texmf-dist/tex/latex/base/atveryend-ltx.sty
Package: atveryend-ltx 2020/08/19 v1.0a Emulation of the original atveryend package
with kernel methods
)
\Fld@listcount=\count300
\c@bookmark@seq@number=\count301
 (/usr/share/texlive/texmf-dist/tex/latex/rerunfilecheck/rerunfilecheck.sty
Package: rerunfilecheck 2019/12/05 v1.9 Rerun checks for auxiliary files (HO)
 (/usr/share/texlive/texmf-dist/tex/generic/uniquecounter/uniquecounter.sty
Package: uniquecounter 2019/12/15 v1.4 Provide unlimited unique counter (HO)
)
Package uniquecounter Info: New unique counter `rerunfilecheck' on input line 286.
)) (/usr/share/texlive/texmf-dist/tex/latex/beamer/beamerbaserequires.sty (/usr/share/texlive/texmf-dist/tex/latex/beamer/beamerbasecompatibility.sty) (/usr/share/texlive/texmf-dist/tex/latex/beamer/beamerbasefont.sty (/usr/share/texlive/texmf-dist/tex/latex/amsfonts/amssymb.sty
Package: amssymb 2013/01/14 v3.01 AMS font symbols
 (/usr/share/texlive/texmf-dist/tex/latex/amsfonts/amsfonts.sty
Package: amsfonts 2013/01/14 v3.01 Basic AMSFonts support
\@emptytoks=\toks28
\symAMSa=\mathgroup4
\symAMSb=\mathgroup5
LaTeX Font Info:    Redeclaring math symbol \hbar on input line 98.
LaTeX Font Info:    Overwriting math alphabet `\mathfrak' in version `bold'
(Font)                  U/euf/m/n --> U/euf/b/n on input line 106.
)) (/usr/share/texlive/texmf-dist/tex/latex/sansmathaccent/sansmathaccent.sty
Package: sansmathaccent 2020/01/31
 (/usr/share/texlive/texmf-dist/tex/latex/koma-script/scrlfile.sty
Package: scrlfile 2021/11/13 v3.35 KOMA-Script package (file load hooks)
 (/usr/share/texlive/texmf-dist/tex/latex/koma-script/scrlfile-hook.sty
Package: scrlfile-hook 2021/11/13 v3.35 KOMA-Script package (using LaTeX hooks)
 (/usr/share/texlive/texmf-dist/tex/latex/koma-script/scrlogo.sty
Package: scrlogo 2021/11/13 v3.35 KOMA-Script package (logo)
))))) (/usr/share/texlive/texmf-dist/tex/latex/beamer/beamerbasetranslator.sty (/usr/share/texlive/texmf-dist/tex/latex/translator/translator.sty
Package: translator 2021-05-31 v1.12d Easy translation of strings in LaTeX
)) (/usr/share/texlive/texmf-dist/tex/latex/beamer/beamerbasemisc.sty) (/usr/share/texlive/texmf-dist/tex/latex/beamer/beamerbasetwoscreens.sty) (/usr/share/texlive/texmf-dist/tex/latex/beamer/beamerbaseoverlay.sty
\beamer@argscount=\count302
\beamer@lastskipcover=\skip50
\beamer@trivlistdepth=\count303
) (/usr/share/texlive/texmf-dist/tex/latex/beamer/beamerbasetitle.sty) (/usr/share/texlive/texmf-dist/tex/latex/beamer/beamerbasesection.sty
\c@lecture=\count304
\c@part=\count305
\c@section=\count306
\c@subsection=\count307
\c@subsubsection=\count308
) (/usr/share/texlive/texmf-dist/tex/latex/beamer/beamerbaseframe.sty
\beamer@framebox=\box65
\beamer@frametitlebox=\box66
\beamer@zoombox=\box67
\beamer@zoomcount=\count309
\beamer@zoomframecount=\count310
\beamer@frametextheight=\dimen261
\c@subsectionslide=\count311
\beamer@frametopskip=\skip51
\beamer@framebottomskip=\skip52
\beamer@frametopskipautobreak=\skip53
\beamer@framebottomskipautobreak=\skip54
\beamer@envbody=\toks29
\framewidth=\dimen262
\c@framenumber=\count312
) (/usr/share/texlive/texmf-dist/tex/latex/beamer/beamerbaseverbatim.sty
\beamer@verbatimfileout=\write4
) (/usr/share/texlive/texmf-dist/tex/latex/beamer/beamerbaseframesize.sty
\beamer@splitbox=\box68
\beamer@autobreakcount=\count313
\beamer@autobreaklastheight=\dimen263
\beamer@frametitletoks=\toks30
\beamer@framesubtitletoks=\toks31
) (/usr/share/texlive/texmf-dist/tex/latex/beamer/beamerbaseframecomponents.sty
\beamer@footins=\box69
) (/usr/share/texlive/texmf-dist/tex/latex/beamer/beamerbasecolor.sty) (/usr/share/texlive/texmf-dist/tex/latex/beamer/beamerbasenotes.sty
\beamer@frameboxcopy=\box70
) (/usr/share/texlive/texmf-dist/tex/latex/beamer/beamerbasetoc.sty) (/usr/share/texlive/texmf-dist/tex/latex/beamer/beamerbasetemplates.sty
\beamer@sbttoks=\toks32
 (/usr/share/texlive/texmf-dist/tex/latex/beamer/beamerbaseauxtemplates.sty (/usr/share/texlive/texmf-dist/tex/latex/beamer/beamerbaseboxes.sty
\bmb@box=\box71
\bmb@colorbox=\box72
\bmb@boxwidth=\dimen264
\bmb@boxheight=\dimen265
\bmb@prevheight=\dimen266
\bmb@temp=\dimen267
\bmb@dima=\dimen268
\bmb@dimb=\dimen269
\bmb@prevheight=\dimen270
)
\beamer@blockheadheight=\dimen271
)) (/usr/share/texlive/texmf-dist/tex/latex/beamer/beamerbaselocalstructure.sty (/usr/share/texlive/texmf-dist/tex/latex/tools/enumerate.sty
Package: enumerate 2015/07/23 v3.00 enumerate extensions (DPC)
\@enLab=\toks33
)
\beamer@bibiconwidth=\skip55
\c@figure=\count314
\c@table=\count315
\abovecaptionskip=\skip56
\belowcaptionskip=\skip57
) (/usr/share/texlive/texmf-dist/tex/latex/beamer/beamerbasenavigation.sty
\beamer@section@min@dim=\dimen272
) (/usr/share/texlive/texmf-dist/tex/latex/beamer/beamerbasetheorems.sty (/usr/share/texlive/texmf-dist/tex/latex/amsmath/amsmath.sty
Package: amsmath 2021/10/15 v2.17l AMS math features
\@mathmargin=\skip58

For additional information on amsmath, use the `?' option.
(/usr/share/texlive/texmf-dist/tex/latex/amsmath/amstext.sty
Package: amstext 2021/08/26 v2.01 AMS text
 (/usr/share/texlive/texmf-dist/tex/latex/amsmath/amsgen.sty
File: amsgen.sty 1999/11/30 v2.0 generic functions
\@emptytoks=\toks34
\ex@=\dimen273
)) (/usr/share/texlive/texmf-dist/tex/latex/amsmath/amsbsy.sty
Package: amsbsy 1999/11/29 v1.2d Bold Symbols
\pmbraise@=\dimen274
) (/usr/share/texlive/texmf-dist/tex/latex/amsmath/amsopn.sty
Package: amsopn 2021/08/26 v2.02 operator names
)
\inf@bad=\count316
LaTeX Info: Redefining \frac on input line 234.
\uproot@=\count317
\leftroot@=\count318
LaTeX Info: Redefining \overline on input line 399.
\classnum@=\count319
\DOTSCASE@=\count320
LaTeX Info: Redefining \ldots on input line 496.
LaTeX Info: Redefining \dots on input line 499.
LaTeX Info: Redefining \cdots on input line 620.
\Mathstrutbox@=\box73
\strutbox@=\box74
\big@size=\dimen275
LaTeX Font Info:    Redeclaring font encoding OML on input line 743.
LaTeX Font Info:    Redeclaring font encoding OMS on input line 744.
\macc@depth=\count321
\c@MaxMatrixCols=\count322
\dotsspace@=\muskip17
\c@parentequation=\count323
\dspbrk@lvl=\count324
\tag@help=\toks35
\row@=\count325
\column@=\count326
\maxfields@=\count327
\andhelp@=\toks36
\eqnshift@=\dimen276
\alignsep@=\dimen277
\tagshift@=\dimen278
\tagwidth@=\dimen279
\totwidth@=\dimen280
\lineht@=\dimen281
\@envbody=\toks37
\multlinegap=\skip59
\multlinetaggap=\skip60
\mathdisplay@stack=\toks38
LaTeX Info: Redefining \[ on input line 2938.
LaTeX Info: Redefining \] on input line 2939.
) (/usr/share/texlive/texmf-dist/tex/latex/amscls/amsthm.sty
Package: amsthm 2020/05/29 v2.20.6
\thm@style=\toks39
\thm@bodyfont=\toks40
\thm@headfont=\toks41
\thm@notefont=\toks42
\thm@headpunct=\toks43
\thm@preskip=\skip61
\thm@postskip=\skip62
\thm@headsep=\skip63
\dth@everypar=\toks44
)
\c@theorem=\count328
) (/usr/share/texlive/texmf-dist/tex/latex/beamer/beamerbasethemes.sty)) (/usr/share/texlive/texmf-dist/tex/latex/beamer/beamerthemedefault.sty (/usr/share/texlive/texmf-dist/tex/latex/beamer/beamerfontthemedefault.sty) (/usr/share/texlive/texmf-dist/tex/latex/beamer/beamercolorthemedefault.sty) (/usr/share/texlive/texmf-dist/tex/latex/beamer/beamerinnerthemedefault.sty
\beamer@dima=\dimen282
\beamer@dimb=\dimen283
) (/usr/share/texlive/texmf-dist/tex/latex/beamer/beamerouterthemedefault.sty))) (./beamerthemeHamburg.sty (/usr/share/texlive/texmf-dist/tex/latex/beamer/beamerouterthememiniframes.sty) (/usr/share/texlive/texmf-dist/tex/latex/beamer/beamerinnerthemerectangles.sty) (/usr/share/texlive/texmf-dist/tex/latex/beamer/beamercolorthemebeaver.sty)) (/usr/share/texlive/texmf-dist/tex/latex/base/fontenc.sty
Package: fontenc 2021/04/29 v2.0v Standard LaTeX package
) (/usr/share/texlive/texmf-dist/tex/latex/base/inputenc.sty
Package: inputenc 2021/02/14 v1.3d Input encoding file
\inpenc@prehook=\toks45
\inpenc@posthook=\toks46
) (/usr/share/texlive/texmf-dist/tex/generic/babel/babel.sty
Package: babel 2022/01/26 3.70 The Babel package
\babel@savecnt=\count329
\U@D=\dimen284
\l@unhyphenated=\language87
 (/usr/share/texlive/texmf-dist/tex/generic/babel/txtbabel.def)
\bbl@readstream=\read3
LaTeX Info: Redefining \textlatin on input line 3967.
\bbl@dirlevel=\count330
 (/usr/share/texlive/texmf-dist/tex/generic/babel-english/english.ldf
Language: english 2017/06/06 v3.3r English support from the babel system
Package babel Info: Hyphen rules for 'canadian' set to \l@english
(babel)             (\language0). Reported on input line 102.
Package babel Info: Hyphen rules for 'australian' set to \l@ukenglish
(babel)             (\language50). Reported on input line 105.
Package babel Info: Hyphen rules for 'newzealand' set to \l@ukenglish
(babel)             (\language50). Reported on input line 108.
)) (/usr/share/texmf/tex/latex/CJK/CJKutf8.sty
Package: CJKutf8 2015/04/18 4.8.4
 (/usr/share/texmf/tex/latex/CJK/CJK.sty
Package: CJK 2015/04/18 4.8.4
 (/usr/share/texmf/tex/latex/CJK/mule/MULEenc.sty
Package: MULEenc 2015/04/18 4.8.4
) (/usr/share/texmf/tex/latex/CJK/CJK.enc
File: CJK.enc 2015/04/18 4.8.4
Now handling font encoding C00 ...
... no UTF-8 mapping file for font encoding C00
Now handling font encoding C05 ...
... no UTF-8 mapping file for font encoding C05
Now handling font encoding C09 ...
... no UTF-8 mapping file for font encoding C09
Now handling font encoding C10 ...
... no UTF-8 mapping file for font encoding C10
Now handling font encoding C20 ...
... no UTF-8 mapping file for font encoding C20
Now handling font encoding C19 ...
... no UTF-8 mapping file for font encoding C19
Now handling font encoding C40 ...
... no UTF-8 mapping file for font encoding C40
Now handling font encoding C42 ...
... no UTF-8 mapping file for font encoding C42
Now handling font encoding C43 ...
... no UTF-8 mapping file for font encoding C43
Now handling font encoding C50 ...
... no UTF-8 mapping file for font encoding C50
Now handling font encoding C52 ...
... no UTF-8 mapping file for font encoding C52
Now handling font encoding C49 ...
... no UTF-8 mapping file for font encoding C49
Now handling font encoding C60 ...
... no UTF-8 mapping file for font encoding C60
Now handling font encoding C61 ...
... no UTF-8 mapping file for font encoding C61
Now handling font encoding C63 ...
... no UTF-8 mapping file for font encoding C63
Now handling font encoding C64 ...
... no UTF-8 mapping file for font encoding C64
Now handling font encoding C65 ...
... no UTF-8 mapping file for font encoding C65
Now handling font encoding C70 ...
... no UTF-8 mapping file for font encoding C70
Now handling font encoding C31 ...
... no UTF-8 mapping file for font encoding C31
Now handling font encoding C32 ...
... no UTF-8 mapping file for font encoding C32
Now handling font encoding C33 ...
... no UTF-8 mapping file for font encoding C33
Now handling font encoding C34 ...
... no UTF-8 mapping file for font encoding C34
Now handling font encoding C35 ...
... no UTF-8 mapping file for font encoding C35
Now handling font encoding C36 ...
... no UTF-8 mapping file for font encoding C36
Now handling font encoding C37 ...
... no UTF-8 mapping file for font encoding C37
Now handling font encoding C80 ...
... no UTF-8 mapping file for font encoding C80
Now handling font encoding C81 ...
... no UTF-8 mapping file for font encoding C81
Now handling font encoding C01 ...
... no UTF-8 mapping file for font encoding C01
Now handling font encoding C11 ...
... no UTF-8 mapping file for font encoding C11
Now handling font encoding C21 ...
... no UTF-8 mapping file for font encoding C21
Now handling font encoding C41 ...
... no UTF-8 mapping file for font encoding C41
Now handling font encoding C62 ...
... no UTF-8 mapping file for font encoding C62
)
LaTeX Info: Redefining \selectfont on input line 755.
\CJK@indent=\box75
) (/usr/share/texlive/texmf-dist/tex/latex/base/fontenc.sty
Package: fontenc 2021/04/29 v2.0v Standard LaTeX package
)) (/usr/share/texlive/texmf-dist/tex/latex/stmaryrd/stmaryrd.sty
Package: stmaryrd 1994/03/03 St Mary's Road symbol package
\symstmry=\mathgroup6
LaTeX Font Info:    Overwriting symbol font `stmry' in version `bold'
(Font)                  U/stmry/m/n --> U/stmry/b/n on input line 89.
) (/usr/share/texmf/tex/latex/lm/lmodern.sty
Package: lmodern 2009/10/30 v1.6 Latin Modern Fonts
LaTeX Font Info:    Overwriting symbol font `operators' in version `normal'
(Font)                  OT1/cmr/m/n --> OT1/lmr/m/n on input line 22.
LaTeX Font Info:    Overwriting symbol font `letters' in version `normal'
(Font)                  OML/cmm/m/it --> OML/lmm/m/it on input line 23.
LaTeX Font Info:    Overwriting symbol font `symbols' in version `normal'
(Font)                  OMS/cmsy/m/n --> OMS/lmsy/m/n on input line 24.
LaTeX Font Info:    Overwriting symbol font `largesymbols' in version `normal'
(Font)                  OMX/cmex/m/n --> OMX/lmex/m/n on input line 25.
LaTeX Font Info:    Overwriting symbol font `operators' in version `bold'
(Font)                  OT1/cmr/bx/n --> OT1/lmr/bx/n on input line 26.
LaTeX Font Info:    Overwriting symbol font `letters' in version `bold'
(Font)                  OML/cmm/b/it --> OML/lmm/b/it on input line 27.
LaTeX Font Info:    Overwriting symbol font `symbols' in version `bold'
(Font)                  OMS/cmsy/b/n --> OMS/lmsy/b/n on input line 28.
LaTeX Font Info:    Overwriting symbol font `largesymbols' in version `bold'
(Font)                  OMX/cmex/m/n --> OMX/lmex/m/n on input line 29.
LaTeX Font Info:    Overwriting math alphabet `\mathbf' in version `normal'
(Font)                  OT1/cmr/bx/n --> OT1/lmr/bx/n on input line 31.
LaTeX Font Info:    Overwriting math alphabet `\mathsf' in version `normal'
(Font)                  OT1/cmss/m/n --> OT1/lmss/m/n on input line 32.
LaTeX Font Info:    Overwriting math alphabet `\mathit' in version `normal'
(Font)                  OT1/cmr/m/it --> OT1/lmr/m/it on input line 33.
LaTeX Font Info:    Overwriting math alphabet `\mathtt' in version `normal'
(Font)                  OT1/cmtt/m/n --> OT1/lmtt/m/n on input line 34.
LaTeX Font Info:    Overwriting math alphabet `\mathbf' in version `bold'
(Font)                  OT1/cmr/bx/n --> OT1/lmr/bx/n on input line 35.
LaTeX Font Info:    Overwriting math alphabet `\mathsf' in version `bold'
(Font)                  OT1/cmss/bx/n --> OT1/lmss/bx/n on input line 36.
LaTeX Font Info:    Overwriting math alphabet `\mathit' in version `bold'
(Font)                  OT1/cmr/bx/it --> OT1/lmr/bx/it on input line 37.
LaTeX Font Info:    Overwriting math alphabet `\mathtt' in version `bold'
(Font)                  OT1/cmtt/m/n --> OT1/lmtt/m/n on input line 38.
) (/usr/share/texlive/texmf-dist/tex/latex/eurosym/eurosym.sty
Package: eurosym 1998/08/06 v1.1 European currency symbol ``Euro''
\@eurobox=\box76
) (/usr/share/texlive/texmf-dist/tex/latex/listings/listings.sty
\lst@mode=\count331
\lst@gtempboxa=\box77
\lst@token=\toks47
\lst@length=\count332
\lst@currlwidth=\dimen285
\lst@column=\count333
\lst@pos=\count334
\lst@lostspace=\dimen286
\lst@width=\dimen287
\lst@newlines=\count335
\lst@lineno=\count336
\lst@maxwidth=\dimen288
 (/usr/share/texlive/texmf-dist/tex/latex/listings/lstmisc.sty
File: lstmisc.sty 2020/03/24 1.8d (Carsten Heinz)
\c@lstnumber=\count337
\lst@skipnumbers=\count338
\lst@framebox=\box78
) (/usr/share/texlive/texmf-dist/tex/latex/listings/listings.cfg
File: listings.cfg 2020/03/24 1.8d listings configuration
))
Package: listings 2020/03/24 1.8d (Carsten Heinz)
 (/usr/share/texlive/texmf-dist/tex/latex/lstaddons/lstautogobble.sty
Package: lstautogobble 2012/05/03 v0.1 Implements 'autogobble' option for 'listings'
\lstag@spacecount=\count339
) (/usr/share/texlive/texmf-dist/tex/latex/microtype/microtype.sty
Package: microtype 2021/12/10 v3.0b Micro-typographical refinements (RS)
\MT@toks=\toks48
\MT@count=\count340
\MT@tempbox=\box79
LaTeX Info: Redefining \leftprotrusion on input line 1010.
LaTeX Info: Redefining \rightprotrusion on input line 1018.
LaTeX Info: Redefining \textls on input line 1173.
\MT@outer@kern=\dimen289
LaTeX Info: Redefining \textmicrotypecontext on input line 1759.
\MT@listname@count=\count341
 (/usr/share/texlive/texmf-dist/tex/latex/microtype/microtype-pdftex.def
File: microtype-pdftex.def 2021/12/10 v3.0b Definitions specific to pdftex (RS)
LaTeX Info: Redefining \lsstyle on input line 897.
LaTeX Info: Redefining \lslig on input line 897.
\MT@outer@space=\skip64
)
Package microtype Info: Loading configuration file microtype.cfg.
 (/usr/share/texlive/texmf-dist/tex/latex/microtype/microtype.cfg
File: microtype.cfg 2021/12/10 v3.0b microtype main configuration file (RS)
)) (/usr/share/texlive/texmf-dist/tex/latex/base/textcomp.sty
Package: textcomp 2020/02/02 v2.0n Standard LaTeX package
) (/usr/share/texlive/texmf-dist/tex/latex/units/units.sty
Package: units 1998/08/04 v0.9b Typesetting units
 (/usr/share/texlive/texmf-dist/tex/latex/base/ifthen.sty
Package: ifthen 2020/11/24 v1.1c Standard LaTeX ifthen package (DPC)
) (/usr/share/texlive/texmf-dist/tex/latex/units/nicefrac.sty
Package: nicefrac 1998/08/04 v0.9b Nice fractions
\L@UnitsRaiseDisplaystyle=\skip65
\L@UnitsRaiseTextstyle=\skip66
\L@UnitsRaiseScriptstyle=\skip67
))
\symfrenchscript=\mathgroup7
 (/usr/share/texlive/texmf-dist/tex/latex/graphbox/graphbox.sty
Package: graphbox 2018/01/17 v1.1 extension for graphicx to adjust containing box
\Gin@box@box=\box80
\Gin@box@width=\skip68
\Gin@box@height=\skip69
\Gin@box@raise=\skip70
\Gin@box@hspace=\skip71
\Gin@box@bwidth=\skip72
\Gin@box@bheight=\skip73
) (/usr/share/texlive/texmf-dist/tex/latex/subfig/subfig.sty
Package: subfig 2005/06/28 ver: 1.3 subfig package
 (/usr/share/texlive/texmf-dist/tex/latex/caption/caption.sty
Package: caption 2020/10/26 v3.5g Customizing captions (AR)
 (/usr/share/texlive/texmf-dist/tex/latex/caption/caption3.sty
Package: caption3 2020/10/21 v2.2e caption3 kernel (AR)
\captionmargin=\dimen290
\captionmargin@=\dimen291
\captionwidth=\dimen292
\caption@tempdima=\dimen293
\caption@indent=\dimen294
\caption@parindent=\dimen295
\caption@hangindent=\dimen296
Package caption Info: beamer document class detected.
 (/usr/share/texlive/texmf-dist/tex/latex/caption/caption-beamer.sto
File: caption-beamer.sto 2020/08/22 v2.0 Adaption of the caption package to the beamer document classes (AR)
))
\c@caption@flags=\count342
\c@continuedfloat=\count343
Package caption Info: hyperref package is loaded.
Package caption Info: Hyperref support is turned off
(caption)             because hyperref has stopped early.
Package caption Info: listings package is loaded.
)
\c@KVtest=\count344
\sf@farskip=\skip74
\sf@captopadj=\dimen297
\sf@capskip=\skip75
\sf@nearskip=\skip76
\c@subfigure=\count345
\c@subfigure@save=\count346
\c@depth=\count347
\c@subtable=\count348
\c@subtable@save=\count349
\sf@top=\skip77
\sf@bottom=\skip78
) (/usr/share/texlive/texmf-dist/tex/latex/natbib/natbib.sty
Package: natbib 2010/09/13 8.31b (PWD, AO)
\bibhang=\skip79
\bibsep=\skip80
LaTeX Info: Redefining \cite on input line 694.
\c@NAT@ctr=\count350
) (/usr/share/texlive/texmf-dist/tex/latex/listings/lstlang1.sty
File: lstlang1.sty 2020/03/24 1.8d listings language file
) (/usr/share/texlive/texmf-dist/tex/latex/listings/lstmisc.sty
File: lstmisc.sty 2020/03/24 1.8d (Carsten Heinz)
)
LaTeX Font Info:    Trying to load font information for T1+lmss on input line 57.
 (/usr/share/texmf/tex/latex/lm/t1lmss.fd
File: t1lmss.fd 2009/10/30 v1.6 Font defs for Latin Modern
) (/usr/share/texlive/texmf-dist/tex/latex/l3backend/l3backend-pdftex.def
File: l3backend-pdftex.def 2022-01-12 L3 backend support: PDF output (pdfTeX)
\l__color_backend_stack_int=\count351
\l__pdf_internal_box=\box81
) (build/presentation.aux)
\openout1 = `presentation.aux'.

LaTeX Font Info:    Checking defaults for OML/cmm/m/it on input line 57.
LaTeX Font Info:    ... okay on input line 57.
LaTeX Font Info:    Checking defaults for OMS/cmsy/m/n on input line 57.
LaTeX Font Info:    ... okay on input line 57.
LaTeX Font Info:    Checking defaults for OT1/cmr/m/n on input line 57.
LaTeX Font Info:    ... okay on input line 57.
LaTeX Font Info:    Checking defaults for T1/cmr/m/n on input line 57.
LaTeX Font Info:    ... okay on input line 57.
LaTeX Font Info:    Checking defaults for TS1/cmr/m/n on input line 57.
LaTeX Font Info:    ... okay on input line 57.
LaTeX Font Info:    Checking defaults for OMX/cmex/m/n on input line 57.
LaTeX Font Info:    ... okay on input line 57.
LaTeX Font Info:    Checking defaults for U/cmr/m/n on input line 57.
LaTeX Font Info:    ... okay on input line 57.
LaTeX Font Info:    Checking defaults for PD1/pdf/m/n on input line 57.
LaTeX Font Info:    ... okay on input line 57.
LaTeX Font Info:    Checking defaults for PU/pdf/m/n on input line 57.
LaTeX Font Info:    ... okay on input line 57.
LaTeX Font Info:    Checking defaults for C00/song/m/n on input line 57.
LaTeX Font Info:    ... okay on input line 57.
LaTeX Font Info:    Checking defaults for C05/song/m/n on input line 57.
LaTeX Font Info:    ... okay on input line 57.
LaTeX Font Info:    Checking defaults for C09/song/m/n on input line 57.
LaTeX Font Info:    ... okay on input line 57.
LaTeX Font Info:    Checking defaults for C10/song/m/n on input line 57.
LaTeX Font Info:    ... okay on input line 57.
LaTeX Font Info:    Checking defaults for C20/song/m/n on input line 57.
LaTeX Font Info:    ... okay on input line 57.
LaTeX Font Info:    Checking defaults for C19/song/m/n on input line 57.
LaTeX Font Info:    ... okay on input line 57.
LaTeX Font Info:    Checking defaults for C40/song/m/n on input line 57.
LaTeX Font Info:    ... okay on input line 57.
LaTeX Font Info:    Checking defaults for C42/song/m/n on input line 57.
LaTeX Font Info:    ... okay on input line 57.
LaTeX Font Info:    Checking defaults for C43/song/m/n on input line 57.
LaTeX Font Info:    ... okay on input line 57.
LaTeX Font Info:    Checking defaults for C50/song/m/n on input line 57.
LaTeX Font Info:    ... okay on input line 57.
LaTeX Font Info:    Checking defaults for C52/song/m/n on input line 57.
LaTeX Font Info:    ... okay on input line 57.
LaTeX Font Info:    Checking defaults for C49/song/m/n on input line 57.
LaTeX Font Info:    ... okay on input line 57.
LaTeX Font Info:    Checking defaults for C60/mj/m/n on input line 57.
LaTeX Font Info:    ... okay on input line 57.
LaTeX Font Info:    Checking defaults for C61/mj/m/n on input line 57.
LaTeX Font Info:    ... okay on input line 57.
LaTeX Font Info:    Checking defaults for C63/mj/m/n on input line 57.
LaTeX Font Info:    ... okay on input line 57.
LaTeX Font Info:    Checking defaults for C64/mj/m/n on input line 57.
LaTeX Font Info:    ... okay on input line 57.
LaTeX Font Info:    Checking defaults for C65/mj/m/n on input line 57.
LaTeX Font Info:    ... okay on input line 57.
LaTeX Font Info:    Checking defaults for C70/song/m/n on input line 57.
LaTeX Font Info:    ... okay on input line 57.
LaTeX Font Info:    Checking defaults for C31/song/m/n on input line 57.
LaTeX Font Info:    ... okay on input line 57.
LaTeX Font Info:    Checking defaults for C32/song/m/n on input line 57.
LaTeX Font Info:    ... okay on input line 57.
LaTeX Font Info:    Checking defaults for C33/song/m/n on input line 57.
LaTeX Font Info:    ... okay on input line 57.
LaTeX Font Info:    Checking defaults for C34/song/m/n on input line 57.
LaTeX Font Info:    ... okay on input line 57.
LaTeX Font Info:    Checking defaults for C35/song/m/n on input line 57.
LaTeX Font Info:    ... okay on input line 57.
LaTeX Font Info:    Checking defaults for C36/song/m/n on input line 57.
LaTeX Font Info:    ... okay on input line 57.
LaTeX Font Info:    Checking defaults for C37/song/m/n on input line 57.
LaTeX Font Info:    ... okay on input line 57.
LaTeX Font Info:    Checking defaults for C80/song/m/n on input line 57.
LaTeX Font Info:    ... okay on input line 57.
LaTeX Font Info:    Checking defaults for C81/song/m/n on input line 57.
LaTeX Font Info:    ... okay on input line 57.
LaTeX Font Info:    Checking defaults for C01/song/m/n on input line 57.
LaTeX Font Info:    ... okay on input line 57.
LaTeX Font Info:    Checking defaults for C11/song/m/n on input line 57.
LaTeX Font Info:    ... okay on input line 57.
LaTeX Font Info:    Checking defaults for C21/song/m/n on input line 57.
LaTeX Font Info:    ... okay on input line 57.
LaTeX Font Info:    Checking defaults for C41/song/m/n on input line 57.
LaTeX Font Info:    ... okay on input line 57.
LaTeX Font Info:    Checking defaults for C62/song/m/n on input line 57.
LaTeX Font Info:    ... okay on input line 57.

*geometry* driver: auto-detecting
*geometry* detected driver: pdftex
*geometry* verbose mode - [ preamble ] result:
* driver: pdftex
* paper: custom
* layout: <same size as paper>
* layoutoffset:(h,v)=(0.0pt,0.0pt)
* modes: includehead includefoot 
* h-part:(L,W,R)=(28.45274pt, 398.3386pt, 28.45274pt)
* v-part:(T,H,B)=(0.0pt, 256.0748pt, 0.0pt)
* \paperwidth=455.24408pt
* \paperheight=256.0748pt
* \textwidth=398.3386pt
* \textheight=227.62207pt
* \oddsidemargin=-43.81725pt
* \evensidemargin=-43.81725pt
* \topmargin=-72.26999pt
* \headheight=14.22636pt
* \headsep=0.0pt
* \topskip=11.0pt
* \footskip=14.22636pt
* \marginparwidth=4.0pt
* \marginparsep=10.0pt
* \columnsep=10.0pt
* \skip\footins=10.0pt plus 4.0pt minus 2.0pt
* \hoffset=0.0pt
* \voffset=0.0pt
* \mag=1000
* \@twocolumnfalse
* \@twosidefalse
* \@mparswitchfalse
* \@reversemarginfalse
* (1in=72.27pt=25.4mm, 1cm=28.453pt)

(/usr/share/texlive/texmf-dist/tex/context/base/mkii/supp-pdf.mkii
[Loading MPS to PDF converter (version 2006.09.02).]
\scratchcounter=\count352
\scratchdimen=\dimen298
\scratchbox=\box82
\nofMPsegments=\count353
\nofMParguments=\count354
\everyMPshowfont=\toks49
\MPscratchCnt=\count355
\MPscratchDim=\dimen299
\MPnumerator=\count356
\makeMPintoPDFobject=\count357
\everyMPtoPDFconversion=\toks50
) (/usr/share/texlive/texmf-dist/tex/latex/epstopdf-pkg/epstopdf-base.sty
Package: epstopdf-base 2020-01-24 v2.11 Base part for package epstopdf
Package epstopdf-base Info: Redefining graphics rule for `.eps' on input line 485.
 (/usr/share/texlive/texmf-dist/tex/latex/latexconfig/epstopdf-sys.cfg
File: epstopdf-sys.cfg 2010/07/13 v1.3 Configuration of (r)epstopdf for TeX Live
))
Package hyperref Info: Link coloring OFF on input line 57.
 (/usr/share/texlive/texmf-dist/tex/latex/hyperref/nameref.sty
Package: nameref 2021-04-02 v2.47 Cross-referencing by name of section
 (/usr/share/texlive/texmf-dist/tex/latex/refcount/refcount.sty
Package: refcount 2019/12/15 v3.6 Data extraction from label references (HO)
) (/usr/share/texlive/texmf-dist/tex/generic/gettitlestring/gettitlestring.sty
Package: gettitlestring 2019/12/15 v1.6 Cleanup title references (HO)
)
\c@section@level=\count358
)
LaTeX Info: Redefining \ref on input line 57.
LaTeX Info: Redefining \pageref on input line 57.
LaTeX Info: Redefining \nameref on input line 57.
 (build/presentation.out) (build/presentation.out)
\@outlinefile=\write5
\openout5 = `presentation.out'.

LaTeX Font Info:    Overwriting symbol font `operators' in version `normal'
(Font)                  OT1/lmr/m/n --> OT1/cmss/m/n on input line 57.
LaTeX Font Info:    Overwriting symbol font `operators' in version `bold'
(Font)                  OT1/lmr/bx/n --> OT1/cmss/b/n on input line 57.
LaTeX Font Info:    Overwriting symbol font `operators' in version `normal'
(Font)                  OT1/cmss/m/n --> OT1/lmss/m/n on input line 57.
LaTeX Font Info:    Overwriting symbol font `operators' in version `bold'
(Font)                  OT1/cmss/b/n --> OT1/lmss/b/n on input line 57.
\symnumbers=\mathgroup8
\sympureletters=\mathgroup9
LaTeX Font Info:    Overwriting math alphabet `\mathrm' in version `normal'
(Font)                  OT1/lmss/m/n --> T1/lmr/m/n on input line 57.
LaTeX Font Info:    Redeclaring math alphabet \mathbf on input line 57.
LaTeX Font Info:    Overwriting math alphabet `\mathbf' in version `normal'
(Font)                  OT1/lmr/bx/n --> T1/lmss/b/n on input line 57.
LaTeX Font Info:    Overwriting math alphabet `\mathbf' in version `bold'
(Font)                  OT1/lmr/bx/n --> T1/lmss/b/n on input line 57.
LaTeX Font Info:    Redeclaring math alphabet \mathsf on input line 57.
LaTeX Font Info:    Overwriting math alphabet `\mathsf' in version `normal'
(Font)                  OT1/lmss/m/n --> T1/lmss/m/n on input line 57.
LaTeX Font Info:    Overwriting math alphabet `\mathsf' in version `bold'
(Font)                  OT1/lmss/bx/n --> T1/lmss/m/n on input line 57.
LaTeX Font Info:    Redeclaring math alphabet \mathit on input line 57.
LaTeX Font Info:    Overwriting math alphabet `\mathit' in version `normal'
(Font)                  OT1/lmr/m/it --> T1/lmss/m/it on input line 57.
LaTeX Font Info:    Overwriting math alphabet `\mathit' in version `bold'
(Font)                  OT1/lmr/bx/it --> T1/lmss/m/it on input line 57.
LaTeX Font Info:    Redeclaring math alphabet \mathtt on input line 57.
LaTeX Font Info:    Overwriting math alphabet `\mathtt' in version `normal'
(Font)                  OT1/lmtt/m/n --> T1/lmtt/m/n on input line 57.
LaTeX Font Info:    Overwriting math alphabet `\mathtt' in version `bold'
(Font)                  OT1/lmtt/m/n --> T1/lmtt/m/n on input line 57.
LaTeX Font Info:    Overwriting symbol font `numbers' in version `bold'
(Font)                  T1/lmss/m/n --> T1/lmss/b/n on input line 57.
LaTeX Font Info:    Overwriting symbol font `pureletters' in version `bold'
(Font)                  T1/lmss/m/it --> T1/lmss/b/it on input line 57.
LaTeX Font Info:    Overwriting math alphabet `\mathrm' in version `bold'
(Font)                  OT1/lmss/b/n --> T1/lmr/b/n on input line 57.
LaTeX Font Info:    Overwriting math alphabet `\mathbf' in version `bold'
(Font)                  T1/lmss/b/n --> T1/lmss/b/n on input line 57.
LaTeX Font Info:    Overwriting math alphabet `\mathsf' in version `bold'
(Font)                  T1/lmss/m/n --> T1/lmss/b/n on input line 57.
LaTeX Font Info:    Overwriting math alphabet `\mathit' in version `bold'
(Font)                  T1/lmss/m/it --> T1/lmss/b/it on input line 57.
LaTeX Font Info:    Overwriting math alphabet `\mathtt' in version `bold'
(Font)                  T1/lmtt/m/n --> T1/lmtt/b/n on input line 57.
 (/usr/share/texlive/texmf-dist/tex/latex/translator/translator-basic-dictionary-English.dict
Dictionary: translator-basic-dictionary, Language: English 
) (/usr/share/texlive/texmf-dist/tex/latex/translator/translator-bibliography-dictionary-English.dict
Dictionary: translator-bibliography-dictionary, Language: English 
) (/usr/share/texlive/texmf-dist/tex/latex/translator/translator-environment-dictionary-English.dict
Dictionary: translator-environment-dictionary, Language: English 
) (/usr/share/texlive/texmf-dist/tex/latex/translator/translator-months-dictionary-English.dict
Dictionary: translator-months-dictionary, Language: English 
) (/usr/share/texlive/texmf-dist/tex/latex/translator/translator-numbers-dictionary-English.dict
Dictionary: translator-numbers-dictionary, Language: English 
) (/usr/share/texlive/texmf-dist/tex/latex/translator/translator-theorem-dictionary-English.dict
Dictionary: translator-theorem-dictionary, Language: English 
)
\c@lstlisting=\count359
LaTeX Info: Redefining \microtypecontext on input line 57.
Package microtype Info: Applying patch `item' on input line 57.
Package microtype Info: Applying patch `toc' on input line 57.
Package microtype Info: Applying patch `eqnum' on input line 57.


Package microtype Warning: Unable to apply patch `footnote' on input line 57.

Package microtype Info: Generating PDF output.
Package microtype Info: Character protrusion enabled (level 2).
Package microtype Info: Using default protrusion set `alltext'.
Package microtype Info: Automatic font expansion enabled (level 2),
(microtype)             stretch: 20, shrink: 20, step: 1, non-selected.
Package microtype Info: Using default expansion set `alltext-nott'.
LaTeX Info: Redefining \showhyphens on input line 57.
Package microtype Info: No adjustment of tracking.
Package microtype Info: No adjustment of interword spacing.
Package microtype Info: No adjustment of character kerning.
Package microtype Info: Loading generic protrusion settings for font family
(microtype)             `lmss' (encoding: T1).
(microtype)             For optimal results, create family-specific settings.
(microtype)             See the microtype manual for details.
Package caption Info: Begin \AtBeginDocument code.
Package caption Info: subfig package v1.3 is loaded.
Package caption Info: End \AtBeginDocument code.
(build/presentation.nav) [1{/var/lib/texmf/fonts/map/pdftex/updmap/pdftex.map}

]
\openout4 = `presentation.vrb'.

 (build/presentation.vrb
<images/0104.jpg, id=157, 32.5215pt x 51.49237pt>
File: images/0104.jpg Graphic file (type jpg)
<use images/0104.jpg>
Package pdftex.def Info: images/0104.jpg  used on input line 6.
(pdftex.def)             Requested size: 55.76715pt x 88.3027pt.
<images/0200.jpg, id=158, 68.1747pt x 101.9007pt>
File: images/0200.jpg Graphic file (type jpg)
<use images/0200.jpg>
Package pdftex.def Info: images/0200.jpg  used on input line 8.
(pdftex.def)             Requested size: 55.76715pt x 83.35696pt.
LaTeX Font Info:    Trying to load font information for OT1+lmss on input line 9.
 (/usr/share/texmf/tex/latex/lm/ot1lmss.fd
File: ot1lmss.fd 2009/10/30 v1.6 Font defs for Latin Modern
)
Package microtype Info: Loading generic protrusion settings for font family
(microtype)             `lmss' (encoding: OT1).
(microtype)             For optimal results, create family-specific settings.
(microtype)             See the microtype manual for details.
LaTeX Font Info:    Trying to load font information for OML+lmm on input line 9.
 (/usr/share/texmf/tex/latex/lm/omllmm.fd
File: omllmm.fd 2009/10/30 v1.6 Font defs for Latin Modern
)
LaTeX Font Info:    Trying to load font information for OMS+lmsy on input line 9.
 (/usr/share/texmf/tex/latex/lm/omslmsy.fd
File: omslmsy.fd 2009/10/30 v1.6 Font defs for Latin Modern
)
LaTeX Font Info:    Trying to load font information for OMX+lmex on input line 9.
 (/usr/share/texmf/tex/latex/lm/omxlmex.fd
File: omxlmex.fd 2009/10/30 v1.6 Font defs for Latin Modern
)
LaTeX Font Info:    External font `lmex10' loaded for size
(Font)              <10.95> on input line 9.
LaTeX Font Info:    External font `lmex10' loaded for size
(Font)              <8> on input line 9.
LaTeX Font Info:    External font `lmex10' loaded for size
(Font)              <6> on input line 9.
LaTeX Font Info:    Trying to load font information for U+msa on input line 9.
 (/usr/share/texlive/texmf-dist/tex/latex/amsfonts/umsa.fd
File: umsa.fd 2013/01/14 v3.01 AMS symbols A
) (/usr/share/texlive/texmf-dist/tex/latex/microtype/mt-msa.cfg
File: mt-msa.cfg 2006/02/04 v1.1 microtype config. file: AMS symbols (a) (RS)
)
LaTeX Font Info:    Trying to load font information for U+msb on input line 9.
 (/usr/share/texlive/texmf-dist/tex/latex/amsfonts/umsb.fd
File: umsb.fd 2013/01/14 v3.01 AMS symbols B
) (/usr/share/texlive/texmf-dist/tex/latex/microtype/mt-msb.cfg
File: mt-msb.cfg 2005/06/01 v1.0 microtype config. file: AMS symbols (b) (RS)
)
LaTeX Font Info:    Trying to load font information for U+stmry on input line 9.
 (/usr/share/texlive/texmf-dist/tex/latex/stmaryrd/Ustmry.fd)
LaTeX Font Info:    Trying to load font information for OMS+ztmcm on input line 9.
 (/usr/share/texlive/texmf-dist/tex/latex/psnfss/omsztmcm.fd
File: omsztmcm.fd 2000/01/03 Fontinst v1.801 font definitions for OMS/ztmcm.
)
LaTeX Font Info:    Font shape `T1/lmss/m/it' in size <10.95> not available
(Font)              Font shape `T1/lmss/m/sl' tried instead on input line 9.
LaTeX Font Info:    Font shape `T1/lmss/m/it' in size <8> not available
(Font)              Font shape `T1/lmss/m/sl' tried instead on input line 9.
LaTeX Font Info:    Font shape `T1/lmss/m/it' in size <6> not available
(Font)              Font shape `T1/lmss/m/sl' tried instead on input line 9.
<images/0101.jpg, id=159, 100.2144pt x 67.2111pt>
File: images/0101.jpg Graphic file (type jpg)
<use images/0101.jpg>
Package pdftex.def Info: images/0101.jpg  used on input line 13.
(pdftex.def)             Requested size: 85.44328pt x 57.30609pt.
<images/0102.jpg, id=160, 76.3653pt x 49.98676pt>
File: images/0102.jpg Graphic file (type jpg)
<use images/0102.jpg>
Package pdftex.def Info: images/0102.jpg  used on input line 14.
(pdftex.def)             Requested size: 85.44328pt x 55.93289pt.
<images/0103.jpg, id=161, 46.43347pt x 36.135pt>
File: images/0103.jpg Graphic file (type jpg)
<use images/0103.jpg>
Package pdftex.def Info: images/0103.jpg  used on input line 14.
(pdftex.def)             Requested size: 85.44328pt x 66.49797pt.
<images/0201.jpg, id=162, 99.0099pt x 66.9702pt>
File: images/0201.jpg Graphic file (type jpg)
<use images/0201.jpg>
Package pdftex.def Info: images/0201.jpg  used on input line 17.
(pdftex.def)             Requested size: 85.44328pt x 57.79456pt.
<images/0202.jpg, id=163, 98.769pt x 67.6929pt>
File: images/0202.jpg Graphic file (type jpg)
<use images/0202.jpg>
Package pdftex.def Info: images/0202.jpg  used on input line 18.
(pdftex.def)             Requested size: 85.44328pt x 58.56078pt.
<images/0203.jpg, id=164, 100.09395pt x 67.6929pt>
File: images/0203.jpg Graphic file (type jpg)
<use images/0203.jpg>
Package pdftex.def Info: images/0203.jpg  used on input line 18.
(pdftex.def)             Requested size: 85.44328pt x 57.7892pt.
<images/0301.jpg, id=165, 1124.2pt x 843.15pt>
File: images/0301.jpg Graphic file (type jpg)
<use images/0301.jpg>
Package pdftex.def Info: images/0301.jpg  used on input line 21.
(pdftex.def)             Requested size: 85.44328pt x 64.06976pt.
<images/0302.jpg, id=166, 3083.52pt x 2312.64pt>
File: images/0302.jpg Graphic file (type jpg)
<use images/0302.jpg>
Package pdftex.def Info: images/0302.jpg  used on input line 22.
(pdftex.def)             Requested size: 85.44328pt x 64.04771pt.
<images/0303.jpg, id=167, 3083.52pt x 2312.64pt>
File: images/0303.jpg Graphic file (type jpg)
<use images/0303.jpg>
Package pdftex.def Info: images/0303.jpg  used on input line 22.
(pdftex.def)             Requested size: 85.44328pt x 64.04771pt.
<images/0204.jpg, id=168, 291.60945pt x 424.58624pt>
File: images/0204.jpg Graphic file (type jpg)
<use images/0204.jpg>
Package pdftex.def Info: images/0204.jpg  used on input line 26.
(pdftex.def)             Requested size: 67.71683pt x 98.59866pt.
<images/0304.jpg, id=169, 481.8pt x 642.4pt>
File: images/0304.jpg Graphic file (type jpg)
<use images/0304.jpg>
Package pdftex.def Info: images/0304.jpg  used on input line 28.
(pdftex.def)             Requested size: 67.71683pt x 90.28827pt.
) [2

 <./images/0104.jpg> <./images/0200.jpg> <./images/0101.jpg> <./images/0102.jpg> <./images/0103.jpg> <./images/0201.jpg> <./images/0202.jpg> <./images/0203.jpg> <./images/0301.JPG> <./images/0302.JPG> <./images/0303.JPG> <./images/0204.jpg> <./images/0304.jpg>]
\openout4 = `presentation.vrb'.

 (build/presentation.vrb
<images/DubbingThesisEditing-vL-merkl.png, id=213, 3694.80376pt x 3664.69125pt>
File: images/DubbingThesisEditing-vL-merkl.png Graphic file (type png)
<use images/DubbingThesisEditing-vL-merkl.png>
Package pdftex.def Info: images/DubbingThesisEditing-vL-merkl.png  used on input line 8.
(pdftex.def)             Requested size: 179.25114pt x 177.76527pt.
<images/Christian_Schuler_Thesis.jpg, id=215, 542.025pt x 542.025pt>
File: images/Christian_Schuler_Thesis.jpg Graphic file (type jpg)
<use images/Christian_Schuler_Thesis.jpg>
Package pdftex.def Info: images/Christian_Schuler_Thesis.jpg  used on input line 15.
(pdftex.def)             Requested size: 56.90189pt x 56.9055pt.
<images/Timo_Baumann.jpg, id=216, 936.49875pt x 936.49875pt>
File: images/Timo_Baumann.jpg Graphic file (type jpg)
<use images/Timo_Baumann.jpg>
Package pdftex.def Info: images/Timo_Baumann.jpg  used on input line 20.
(pdftex.def)             Requested size: 56.90198pt x 56.9055pt.
LaTeX Font Info:    External font `lmex10' loaded for size
(Font)              <10> on input line 21.
LaTeX Font Info:    External font `lmex10' loaded for size
(Font)              <7> on input line 21.
LaTeX Font Info:    External font `lmex10' loaded for size
(Font)              <5> on input line 21.
LaTeX Font Info:    Font shape `T1/lmss/m/it' in size <10> not available
(Font)              Font shape `T1/lmss/m/sl' tried instead on input line 21.
LaTeX Font Info:    Font shape `T1/lmss/m/it' in size <7> not available
(Font)              Font shape `T1/lmss/m/sl' tried instead on input line 21.
LaTeX Font Info:    Font shape `T1/lmss/m/it' in size <5> not available
(Font)              Font shape `T1/lmss/m/sl' tried instead on input line 21.
<images/Timo_Florian_Gerkmann.png, id=217, 32.5215pt x 43.362pt>
File: images/Timo_Florian_Gerkmann.png Graphic file (type png)
<use images/Timo_Florian_Gerkmann.png>
Package pdftex.def Info: images/Timo_Florian_Gerkmann.png  used on input line 25.
(pdftex.def)             Requested size: 42.68137pt x 56.9055pt.
)
Overfull \vbox (2.40103pt too high) detected at line 139
 []

[3

 <./images/DubbingThesisEditing-vL-merkl.png> <./images/Christian_Schuler_Thesis.jpg> <./images/Timo_Baumann.jpg> <./images/Timo_Florian_Gerkmann.png>]
\openout4 = `presentation.vrb'.

 (build/presentation.vrb
<images/DubbingThesisTrials-sessionSingle.png, id=263, 448.7967pt x 448.7967pt>
File: images/DubbingThesisTrials-sessionSingle.png Graphic file (type png)
<use images/DubbingThesisTrials-sessionSingle.png>
Package pdftex.def Info: images/DubbingThesisTrials-sessionSingle.png  used on input line 7.
(pdftex.def)             Requested size: 143.39871pt x 143.39873pt.
<images/DubbingThesisTrials-trialsConcept.png, id=264, 977.0904pt x 615.0177pt>
File: images/DubbingThesisTrials-trialsConcept.png Graphic file (type png)
<use images/DubbingThesisTrials-trialsConcept.png>
Package pdftex.def Info: images/DubbingThesisTrials-trialsConcept.png  used on input line 15.
(pdftex.def)             Requested size: 239.00558pt x 150.43196pt.
) [4

 <./images/DubbingThesisTrials-sessionSingle.png> <./images/DubbingThesisTrials-trialsConcept.png>]
\openout4 = `presentation.vrb'.

 (build/presentation.vrb
File: images/Christian_Schuler_Thesis.jpg Graphic file (type jpg)
<use images/Christian_Schuler_Thesis.jpg>
Package pdftex.def Info: images/Christian_Schuler_Thesis.jpg  used on input line 13.
(pdftex.def)             Requested size: 56.90189pt x 56.9055pt.
File: images/Timo_Baumann.jpg Graphic file (type jpg)
<use images/Timo_Baumann.jpg>
Package pdftex.def Info: images/Timo_Baumann.jpg  used on input line 19.
(pdftex.def)             Requested size: 56.90198pt x 56.9055pt.
<images/proj-2022-ddlitlab-StudyToolkitVid-500x333.jpg, id=311, 501.875pt x 334.24875pt>
File: images/proj-2022-ddlitlab-StudyToolkitVid-500x333.jpg Graphic file (type jpg)
<use images/proj-2022-ddlitlab-StudyToolkitVid-500x333.jpg>
Package pdftex.def Info: images/proj-2022-ddlitlab-StudyToolkitVid-500x333.jpg  used on input line 34.
(pdftex.def)             Requested size: 127.47125pt x 84.89313pt.
) [5

 <./images/proj-2022-ddlitlab-StudyToolkitVid-500x333.jpg>]
\openout4 = `presentation.vrb'.

 (build/presentation.vrb
<images/Shravan_Nayak.jpg, id=359, 4291.03125pt x 4097.3075pt>
File: images/Shravan_Nayak.jpg Graphic file (type jpg)
<use images/Shravan_Nayak.jpg>
Package pdftex.def Info: images/Shravan_Nayak.jpg  used on input line 14.
(pdftex.def)             Requested size: 41.70807pt x 39.83368pt.
<images/Christian_Schuler_Lecture.jpg, id=360, 916.92563pt x 911.65594pt>
File: images/Christian_Schuler_Lecture.jpg Graphic file (type jpg)
<use images/Christian_Schuler_Lecture.jpg>
Package pdftex.def Info: images/Christian_Schuler_Lecture.jpg  used on input line 19.
(pdftex.def)             Requested size: 40.05663pt x 39.83368pt.
<images/Debjoy_Saha.png, id=361, 271.0125pt x 271.0125pt>
File: images/Debjoy_Saha.png Graphic file (type png)
<use images/Debjoy_Saha.png>
Package pdftex.def Info: images/Debjoy_Saha.png  used on input line 24.
(pdftex.def)             Requested size: 39.83131pt x 39.83368pt.
File: images/Timo_Baumann.jpg Graphic file (type jpg)
<use images/Timo_Baumann.jpg>
Package pdftex.def Info: images/Timo_Baumann.jpg  used on input line 29.
(pdftex.def)             Requested size: 39.82567pt x 39.83368pt.
File: images/Christian_Schuler_Lecture.jpg Graphic file (type jpg)
<use images/Christian_Schuler_Lecture.jpg>
Package pdftex.def Info: images/Christian_Schuler_Lecture.jpg  used on input line 58.
(pdftex.def)             Requested size: 40.05663pt x 39.83368pt.
File: images/Shravan_Nayak.jpg Graphic file (type jpg)
<use images/Shravan_Nayak.jpg>
Package pdftex.def Info: images/Shravan_Nayak.jpg  used on input line 63.
(pdftex.def)             Requested size: 41.70807pt x 39.83368pt.
File: images/Debjoy_Saha.png Graphic file (type png)
<use images/Debjoy_Saha.png>
Package pdftex.def Info: images/Debjoy_Saha.png  used on input line 68.
(pdftex.def)             Requested size: 39.83131pt x 39.83368pt.
File: images/Timo_Baumann.jpg Graphic file (type jpg)
<use images/Timo_Baumann.jpg>
Package pdftex.def Info: images/Timo_Baumann.jpg  used on input line 73.
(pdftex.def)             Requested size: 39.82567pt x 39.83368pt.
) [6

 <./images/Shravan_Nayak.jpg> <./images/Christian_Schuler_Lecture.jpg> <./images/Debjoy_Saha.png (PNG copy)>]
\openout4 = `presentation.vrb'.

 (build/presentation.vrb
<images/ickl6_dialectmapping.png, id=408, 501.875pt x 334.24875pt>
File: images/ickl6_dialectmapping.png Graphic file (type png)
<use images/ickl6_dialectmapping.png>
Package pdftex.def Info: images/ickl6_dialectmapping.png  used on input line 8.
(pdftex.def)             Requested size: 136.63106pt x 90.9981pt.
<images/Christian_Schuler_Bike.JPG, id=409, 1929.45844pt x 1929.45844pt>
File: images/Christian_Schuler_Bike.JPG Graphic file (type jpg)
<use images/Christian_Schuler_Bike.JPG>
Package pdftex.def Info: images/Christian_Schuler_Bike.JPG  used on input line 12.
(pdftex.def)             Requested size: 36.97804pt x 36.98866pt.
<images/Raman_Ahmad.png, id=410, 214.8025pt x 214.8025pt>
File: images/Raman_Ahmad.png Graphic file (type png)
<use images/Raman_Ahmad.png>
Package pdftex.def Info: images/Raman_Ahmad.png  used on input line 16.
(pdftex.def)             Requested size: 36.98792pt x 36.98866pt.
<images/ickl6_kobanianalysis.png, id=412, 501.875pt x 334.24875pt>
File: images/ickl6_kobanianalysis.png Graphic file (type png)
<use images/ickl6_kobanianalysis.png>
Package pdftex.def Info: images/ickl6_kobanianalysis.png  used on input line 30.
(pdftex.def)             Requested size: 136.63106pt x 90.9981pt.
File: images/Raman_Ahmad.png Graphic file (type png)
<use images/Raman_Ahmad.png>
Package pdftex.def Info: images/Raman_Ahmad.png  used on input line 34.
(pdftex.def)             Requested size: 36.98792pt x 36.98866pt.
File: images/Christian_Schuler_Bike.JPG Graphic file (type jpg)
<use images/Christian_Schuler_Bike.JPG>
Package pdftex.def Info: images/Christian_Schuler_Bike.JPG  used on input line 38.
(pdftex.def)             Requested size: 36.97804pt x 36.98866pt.
) [7

 <./images/ickl6_dialectmapping.png> <./images/Christian_Schuler_Bike.JPG> <./images/Raman_Ahmad.png> <./images/ickl6_kobanianalysis.png>]
\openout4 = `presentation.vrb'.

 (build/presentation.vrb
<images/title-banner.png, id=459, 1402.23875pt x 987.69pt>
File: images/title-banner.png Graphic file (type png)
<use images/title-banner.png>
Package pdftex.def Info: images/title-banner.png  used on input line 11.
(pdftex.def)             Requested size: 231.03711pt x 162.72067pt.
<images/proj-2023-ddlitlab-TextAsCorpusRep.jpg, id=460, 3019.28pt x 3019.28pt>
File: images/proj-2023-ddlitlab-TextAsCorpusRep.jpg Graphic file (type jpg)
<use images/proj-2023-ddlitlab-TextAsCorpusRep.jpg>
Package pdftex.def Info: images/proj-2023-ddlitlab-TextAsCorpusRep.jpg  used on input line 18.
(pdftex.def)             Requested size: 159.333pt x 159.31158pt.
) [8

 <./images/title-banner.png> <./images/proj-2023-ddlitlab-TextAsCorpusRep.jpg>]
\openout4 = `presentation.vrb'.

 (build/presentation.vrb
<images/ChameleonMT-MT-ExperimentSetupOverview.png, id=504, 905.3825pt x 513.92pt>
File: images/ChameleonMT-MT-ExperimentSetupOverview.png Graphic file (type png)
<use images/ChameleonMT-MT-ExperimentSetupOverview.png>
Package pdftex.def Info: images/ChameleonMT-MT-ExperimentSetupOverview.png  used on input line 6.
(pdftex.def)             Requested size: 239.00558pt x 135.66275pt.
<images/Christian_Schuler_Energydrink.jpg, id=505, 542.025pt x 542.025pt>
File: images/Christian_Schuler_Energydrink.jpg Graphic file (type jpg)
<use images/Christian_Schuler_Energydrink.jpg>
Package pdftex.def Info: images/Christian_Schuler_Energydrink.jpg  used on input line 15.
(pdftex.def)             Requested size: 56.90189pt x 56.9055pt.
<images/Sina_Ahmadi.jpg, id=506, 931.48pt x 1118.1775pt>
File: images/Sina_Ahmadi.jpg Graphic file (type jpg)
<use images/Sina_Ahmadi.jpg>
Package pdftex.def Info: images/Sina_Ahmadi.jpg  used on input line 16.
(pdftex.def)             Requested size: 47.4011pt x 56.9055pt.
<images/Seid_Muhie_Yimam.jpeg, id=507, 722.7pt x 722.7pt>
File: images/Seid_Muhie_Yimam.jpeg Graphic file (type jpg)
<use images/Seid_Muhie_Yimam.jpeg>
Package pdftex.def Info: images/Seid_Muhie_Yimam.jpeg  used on input line 17.
(pdftex.def)             Requested size: 56.90189pt x 56.9055pt.
<images/Chris_Biemann.jpg, id=508, 415.5525pt x 415.5525pt>
File: images/Chris_Biemann.jpg Graphic file (type jpg)
<use images/Chris_Biemann.jpg>
Package pdftex.def Info: images/Chris_Biemann.jpg  used on input line 18.
(pdftex.def)             Requested size: 56.90245pt x 56.9055pt.
)
Overfull \vbox (3.96979pt too high) detected at line 395
 []

[9

 <./images/ChameleonMT-MT-ExperimentSetupOverview.png> <./images/Christian_Schuler_Energydrink.jpg> <./images/Sina_Ahmadi.jpg> <./images/Seid_Muhie_Yimam.jpeg> <./images/Chris_Biemann.jpg>]
\openout4 = `presentation.vrb'.

 (build/presentation.vrb
<images/ChameleonMT-CODE-MethodsOverviewLandscape.png, id=554, 578.8827pt x 358.4592pt>
File: images/ChameleonMT-CODE-MethodsOverviewLandscape.png Graphic file (type png)
<use images/ChameleonMT-CODE-MethodsOverviewLandscape.png>
Package pdftex.def Info: images/ChameleonMT-CODE-MethodsOverviewLandscape.png  used on input line 5.
(pdftex.def)             Requested size: 278.83578pt x 172.66011pt.
<images/ChameleonMT-SYNTH-SYNTHDialectBLI.png, id=555, 615.0177pt x 925.7787pt>
File: images/ChameleonMT-SYNTH-SYNTHDialectBLI.png Graphic file (type png)
<use images/ChameleonMT-SYNTH-SYNTHDialectBLI.png>
Package pdftex.def Info: images/ChameleonMT-SYNTH-SYNTHDialectBLI.png  used on input line 11.
(pdftex.def)             Requested size: 119.50279pt x 179.88338pt.
) [10

 <./images/ChameleonMT-CODE-MethodsOverviewLandscape.png> <./images/ChameleonMT-SYNTH-SYNTHDialectBLI.png>]
\openout4 = `presentation.vrb'.

 (build/presentation.vrb
<images/MTACR-Overview.png, id=600, 1004.75375pt x 814.04124pt>
File: images/MTACR-Overview.png Graphic file (type png)
<use images/MTACR-Overview.png>
Package pdftex.def Info: images/MTACR-Overview.png  used on input line 7.
(pdftex.def)             Requested size: 246.96797pt x 200.08154pt.
) [11

 <./images/MTACR-Overview.png>]
\openout4 = `presentation.vrb'.

 (build/presentation.vrb
<images/CRAMT-Tool-MotivationSimpleMore.png, id=644, 589.0005pt x 268.8444pt>
File: images/CRAMT-Tool-MotivationSimpleMore.png Graphic file (type png)
<use images/CRAMT-Tool-MotivationSimpleMore.png>
Package pdftex.def Info: images/CRAMT-Tool-MotivationSimpleMore.png  used on input line 4.
(pdftex.def)             Requested size: 398.3386pt x 181.82724pt.
)
Overfull \vbox (15.03796pt too high) detected at line 436
 []

[12

 <./images/CRAMT-Tool-MotivationSimpleMore.png>]
\openout4 = `presentation.vrb'.

 (build/presentation.vrb
<images/Kurmanj-wordcloud.png, id=689, 570.933pt x 292.6935pt>
File: images/Kurmanj-wordcloud.png Graphic file (type png)
<use images/Kurmanj-wordcloud.png>
Package pdftex.def Info: images/Kurmanj-wordcloud.png  used on input line 5.
(pdftex.def)             Requested size: 131.45245pt x 67.38954pt.
<images/Kurdistan-Wikipedia-Position.png, id=690, 250.9375pt x 250.9375pt>
File: images/Kurdistan-Wikipedia-Position.png Graphic file (type png)
<use images/Kurdistan-Wikipedia-Position.png>
Package pdftex.def Info: images/Kurdistan-Wikipedia-Position.png  used on input line 6.
(pdftex.def)             Requested size: 59.74835pt x 59.74759pt.
<images/Morisien-wordcloud.png, id=691, 570.933pt x 292.6935pt>
File: images/Morisien-wordcloud.png Graphic file (type png)
<use images/Morisien-wordcloud.png>
Package pdftex.def Info: images/Morisien-wordcloud.png  used on input line 7.
(pdftex.def)             Requested size: 131.45245pt x 67.38954pt.
<images/Mauritius-Wikipedia-Position.png, id=692, 250.9375pt x 250.9375pt>
File: images/Mauritius-Wikipedia-Position.png Graphic file (type png)
<use images/Mauritius-Wikipedia-Position.png>
Package pdftex.def Info: images/Mauritius-Wikipedia-Position.png  used on input line 7.
(pdftex.def)             Requested size: 59.74835pt x 59.74759pt.
<images/Vietnamese-wordcloud.png, id=693, 570.933pt x 292.6935pt>
File: images/Vietnamese-wordcloud.png Graphic file (type png)
<use images/Vietnamese-wordcloud.png>
Package pdftex.def Info: images/Vietnamese-wordcloud.png  used on input line 10.
(pdftex.def)             Requested size: 131.45245pt x 67.38954pt.
<images/Vietnam-Wikipedia-Position.png, id=694, 250.9375pt x 250.9375pt>
File: images/Vietnam-Wikipedia-Position.png Graphic file (type png)
<use images/Vietnam-Wikipedia-Position.png>
Package pdftex.def Info: images/Vietnam-Wikipedia-Position.png  used on input line 11.
(pdftex.def)             Requested size: 59.74835pt x 59.74759pt.
<images/Chinese-wordcloud.png, id=695, 570.933pt x 292.6935pt>
File: images/Chinese-wordcloud.png Graphic file (type png)
<use images/Chinese-wordcloud.png>
Package pdftex.def Info: images/Chinese-wordcloud.png  used on input line 12.
(pdftex.def)             Requested size: 131.45245pt x 67.38954pt.
<images/China-Wikipedia-Position.png, id=696, 552.0625pt x 552.0625pt>
File: images/China-Wikipedia-Position.png Graphic file (type png)
<use images/China-Wikipedia-Position.png>
Package pdftex.def Info: images/China-Wikipedia-Position.png  used on input line 12.
(pdftex.def)             Requested size: 59.74835pt x 59.74147pt.
) [13

 <./images/Kurmanj-wordcloud.png> <./images/Kurdistan-Wikipedia-Position.png> <./images/Morisien-wordcloud.png> <./images/Mauritius-Wikipedia-Position.png> <./images/Vietnamese-wordcloud.png> <./images/Vietnam-Wikipedia-Position.png> <./images/Chinese-wordcloud.png> <./images/China-Wikipedia-Position.png>]
\openout4 = `presentation.vrb'.

 (build/presentation.vrb
<images/CRAMT-Tool-TextAlignments.png, id=748, 522.95375pt x 201.75375pt>
File: images/CRAMT-Tool-TextAlignments.png Graphic file (type png)
<use images/CRAMT-Tool-TextAlignments.png>
Package pdftex.def Info: images/CRAMT-Tool-TextAlignments.png  used on input line 4.
(pdftex.def)             Requested size: 398.3386pt x 153.67923pt.
) [14

 <./images/CRAMT-Tool-TextAlignments.png>]
\openout4 = `presentation.vrb'.

 (build/presentation.vrb
<images/mtacr-potato-login.png, id=793, 484.81125pt x 634.37pt>
File: images/mtacr-potato-login.png Graphic file (type png)
<use images/mtacr-potato-login.png>
Package pdftex.def Info: images/mtacr-potato-login.png  used on input line 5.
(pdftex.def)             Requested size: 39.83629pt x 52.12515pt.
<images/mtacr-potato-nllb-mfe.png, id=794, 989.6975pt x 414.54875pt>
File: images/mtacr-potato-nllb-mfe.png Graphic file (type png)
<use images/mtacr-potato-nllb-mfe.png>
Package pdftex.def Info: images/mtacr-potato-nllb-mfe.png  used on input line 11.
(pdftex.def)             Requested size: 179.25114pt x 75.07732pt.
<images/mtacr-potato-flickr30k-vie.png, id=795, 1206.5075pt x 1042.89626pt>
File: images/mtacr-potato-flickr30k-vie.png Graphic file (type png)
<use images/mtacr-potato-flickr30k-vie.png>
Package pdftex.def Info: images/mtacr-potato-flickr30k-vie.png  used on input line 17.
(pdftex.def)             Requested size: 139.42093pt x 120.51138pt.
) [15

 <./images/mtacr-potato-login.png> <./images/mtacr-potato-nllb-mfe.png> <./images/mtacr-potato-flickr30k-vie.png>]
\openout4 = `presentation.vrb'.

 (build/presentation.vrb
<images/CRAMT-Tool-AnnotationQuality.png, id=839, 663.47874pt x 472.76625pt>
File: images/CRAMT-Tool-AnnotationQuality.png Graphic file (type png)
<use images/CRAMT-Tool-AnnotationQuality.png>
Package pdftex.def Info: images/CRAMT-Tool-AnnotationQuality.png  used on input line 4.
(pdftex.def)             Requested size: 278.83578pt x 198.6831pt.
)
Overfull \vbox (5.89383pt too high) detected at line 490
 []

[16

 <./images/CRAMT-Tool-AnnotationQuality.png>]
\openout4 = `presentation.vrb'.

 (build/presentation.vrb
<images/challenge-vie-1.png, id=883, 1086.0575pt x 230.8625pt>
File: images/challenge-vie-1.png Graphic file (type png)
<use images/challenge-vie-1.png>
Package pdftex.def Info: images/challenge-vie-1.png  used on input line 12.
(pdftex.def)             Requested size: 219.08743pt x 46.56973pt.
<images/challenge-vie-2.png, id=884, 1068.99374pt x 174.6525pt>
File: images/challenge-vie-2.png Graphic file (type png)
<use images/challenge-vie-2.png>
Package pdftex.def Info: images/challenge-vie-2.png  used on input line 30.
(pdftex.def)             Requested size: 179.25114pt x 29.28545pt.
) [17

 <./images/challenge-vie-1.png> <./images/challenge-vie-2.png>]
\openout4 = `presentation.vrb'.

 (build/presentation.vrb
<images/MTACR-Corpus_statistics_for_Flickr30k_dataset.png, id=931, 1746.525pt x 629.35126pt>
File: images/MTACR-Corpus_statistics_for_Flickr30k_dataset.png Graphic file (type png)
<use images/MTACR-Corpus_statistics_for_Flickr30k_dataset.png>
Package pdftex.def Info: images/MTACR-Corpus_statistics_for_Flickr30k_dataset.png  used on input line 4.
(pdftex.def)             Requested size: 398.3386pt x 143.53775pt.
) [18

 <./images/MTACR-Corpus_statistics_for_Flickr30k_dataset.png>]
\openout4 = `presentation.vrb'.

 (build/presentation.vrb
<images/MTACR-Corpus_statistics_for_NLLB_dataset.png, id=975, 1746.525pt x 917.4275pt>
File: images/MTACR-Corpus_statistics_for_NLLB_dataset.png Graphic file (type png)
<use images/MTACR-Corpus_statistics_for_NLLB_dataset.png>
Package pdftex.def Info: images/MTACR-Corpus_statistics_for_NLLB_dataset.png  used on input line 4.
(pdftex.def)             Requested size: 352.07039pt x 184.9429pt.
) [19

 <./images/MTACR-Corpus_statistics_for_NLLB_dataset.png>]
\openout4 = `presentation.vrb'.

 (build/presentation.vrb
<images/MTACR-Total_sentences_for_each_translation_system_and_language.png, id=1021, 1700.3525pt x 634.37pt>
File: images/MTACR-Total_sentences_for_each_translation_system_and_language.png Graphic file (type png)
<use images/MTACR-Total_sentences_for_each_translation_system_and_language.png>
Package pdftex.def Info: images/MTACR-Total_sentences_for_each_translation_system_and_language.png  used on input line 4.
(pdftex.def)             Requested size: 398.3386pt x 148.61234pt.
) [20

 <./images/MTACR-Total_sentences_for_each_translation_system_and_language.png>]
\openout4 = `presentation.vrb'.

 (build/presentation.vrb
<images/ChameleonMT-BLI-BLI.png, id=1065, 1105.12875pt x 603.25375pt>
File: images/ChameleonMT-BLI-BLI.png Graphic file (type png)
<use images/ChameleonMT-BLI-BLI.png>
Package pdftex.def Info: images/ChameleonMT-BLI-BLI.png  used on input line 4.
(pdftex.def)             Requested size: 318.67209pt x 173.94498pt.
)
Overfull \vbox (7.1557pt too high) detected at line 570
 []

[21

 <./images/ChameleonMT-BLI-BLI.png>]
\openout4 = `presentation.vrb'.

 (build/presentation.vrb
<images/DialectFilters-Overview.png, id=1110, 1044.90375pt x 783.92876pt>
File: images/DialectFilters-Overview.png Graphic file (type png)
<use images/DialectFilters-Overview.png>
Package pdftex.def Info: images/DialectFilters-Overview.png  used on input line 5.
(pdftex.def)             Requested size: 199.1693pt x 149.41452pt.
<images/DialectFilters-PipelineOverview.png, id=1111, 1285.80376pt x 793.96625pt>
File: images/DialectFilters-PipelineOverview.png Graphic file (type png)
<use images/DialectFilters-PipelineOverview.png>
Package pdftex.def Info: images/DialectFilters-PipelineOverview.png  used on input line 11.
(pdftex.def)             Requested size: 199.1693pt x 122.97868pt.
) [22

 <./images/DialectFilters-Overview.png> <./images/DialectFilters-PipelineOverview.png>]
\openout4 = `presentation.vrb'.

 (build/presentation.vrb) [23

]
\openout4 = `presentation.vrb'.

 (build/presentation.vrb (build/presentation.bbl)) [24

]
\openout4 = `presentation.vrb'.

 (build/presentation.vrb
<images/13651137.jpg, id=1241, 401.5pt x 501.875pt>
File: images/13651137.jpg Graphic file (type jpg)
<use images/13651137.jpg>
Package pdftex.def Info: images/13651137.jpg  used on input line 5.
(pdftex.def)             Requested size: 199.1693pt x 248.96877pt.
<images/example-flikr-1.png, id=1242, 805.0075pt x 545.03625pt>
File: images/example-flikr-1.png Graphic file (type png)
<use images/example-flikr-1.png>
Package pdftex.def Info: images/example-flikr-1.png  used on input line 9.
(pdftex.def)             Requested size: 199.1693pt x 134.84491pt.
)
Overfull \vbox (48.17949pt too high) detected at line 784
 []

[25

 <./images/13651137.jpg> <./images/example-flikr-1.png>]
\openout4 = `presentation.vrb'.

 (build/presentation.vrb
<images/example-nllb-1.png, id=1287, 1448.41125pt x 586.19pt>
File: images/example-nllb-1.png Graphic file (type png)
<use images/example-nllb-1.png>
Package pdftex.def Info: images/example-nllb-1.png  used on input line 2.
(pdftex.def)             Requested size: 398.3386pt x 161.20721pt.
) [26

 <./images/example-nllb-1.png>]
\openout4 = `presentation.vrb'.

 (build/presentation.vrb
<images/CRAMT-Tool-WordAlignmentExample.png, id=1332, 607.7907pt x 101.9007pt>
File: images/CRAMT-Tool-WordAlignmentExample.png Graphic file (type png)
<use images/CRAMT-Tool-WordAlignmentExample.png>
Package pdftex.def Info: images/CRAMT-Tool-WordAlignmentExample.png  used on input line 4.
(pdftex.def)             Requested size: 398.3386pt x 66.78508pt.
) [27

 <./images/CRAMT-Tool-WordAlignmentExample.png>]
\openout4 = `presentation.vrb'.

 (build/presentation.vrb
<images/CRAMT-Tool-WordAlignmentLimitation.png, id=1376, 549.9747pt x 195.8517pt>
File: images/CRAMT-Tool-WordAlignmentLimitation.png Graphic file (type png)
<use images/CRAMT-Tool-WordAlignmentLimitation.png>
Package pdftex.def Info: images/CRAMT-Tool-WordAlignmentLimitation.png  used on input line 4.
(pdftex.def)             Requested size: 398.3386pt x 141.85286pt.
) [28

 <./images/CRAMT-Tool-WordAlignmentLimitation.png>]
\openout4 = `presentation.vrb'.

 (build/presentation.vrb
<images/CRAMT-Tool-WordAlignmentLimitationExample.png, id=1421, 622.2447pt x 174.1707pt>
File: images/CRAMT-Tool-WordAlignmentLimitationExample.png Graphic file (type png)
<use images/CRAMT-Tool-WordAlignmentLimitationExample.png>
Package pdftex.def Info: images/CRAMT-Tool-WordAlignmentLimitationExample.png  used on input line 4.
(pdftex.def)             Requested size: 398.3386pt x 111.50075pt.
) [29

 <./images/CRAMT-Tool-WordAlignmentLimitationExample.png>]
\openout4 = `presentation.vrb'.

 (build/presentation.vrb
<images/ChameleonMT-EVAL-BLEU.png, id=1465, 945.5325pt x 634.37pt>
File: images/ChameleonMT-EVAL-BLEU.png Graphic file (type png)
<use images/ChameleonMT-EVAL-BLEU.png>
Package pdftex.def Info: images/ChameleonMT-EVAL-BLEU.png  used on input line 4.
(pdftex.def)             Requested size: 298.75394pt x 200.43742pt.
)
Overfull \vbox (7.64815pt too high) detected at line 852
 []

[30

 <./images/ChameleonMT-EVAL-BLEU.png>]
\openout4 = `presentation.vrb'.

 (build/presentation.vrb
<images/ChameleonMT-EVAL-chrF.png, id=1509, 945.5325pt x 533.995pt>
File: images/ChameleonMT-EVAL-chrF.png Graphic file (type png)
<use images/ChameleonMT-EVAL-chrF.png>
Package pdftex.def Info: images/ChameleonMT-EVAL-chrF.png  used on input line 4.
(pdftex.def)             Requested size: 346.55263pt x 195.71729pt.
)
Overfull \vbox (2.92801pt too high) detected at line 860
 []

[31

 <./images/ChameleonMT-EVAL-chrF.png>]
\openout4 = `presentation.vrb'.

 (build/presentation.vrb
<images/ChameleonMT-EVAL-TER.png, id=1555, 945.5325pt x 353.32pt>
File: images/ChameleonMT-EVAL-TER.png Graphic file (type png)
<use images/ChameleonMT-EVAL-TER.png>
Package pdftex.def Info: images/ChameleonMT-EVAL-TER.png  used on input line 4.
(pdftex.def)             Requested size: 398.3386pt x 148.85164pt.
) [32

 <./images/ChameleonMT-EVAL-TER.png>]
\tf@nav=\write6
\openout6 = `presentation.nav'.

\tf@toc=\write7
\openout7 = `presentation.toc'.

\tf@snm=\write8
\openout8 = `presentation.snm'.

 (build/presentation.aux)
Package rerunfilecheck Info: File `presentation.out' has not changed.
(rerunfilecheck)             Checksum: 6E9608349933BCDC8C70425D793C3137;599.
 ) 
Here is how much of TeX's memory you used:
 30269 strings out of 478287
 574419 string characters out of 5849289
 1039258 words of memory out of 5000000
 47509 multiletter control sequences out of 15000+600000
 543938 words of font info for 136 fonts, out of 8000000 for 9000
 1141 hyphenation exceptions out of 8191
 128i,19n,122p,1088b,760s stack positions out of 5000i,500n,10000p,200000b,80000s
{/usr/share/texmf/fonts/enc/dvips/lm/lm-mathsy.enc}{/usr/share/texmf/fonts/enc/dvips/lm/lm-ec.enc}</usr/share/texmf/fonts/type1/public/lm/lmss10.pfb></usr/share/texmf/fonts/type1/public/lm/lmss12.pfb></usr/share/texmf/fonts/type1/public/lm/lmss8.pfb></usr/share/texmf/fonts/type1/public/lm/lmss9.pfb></usr/share/texmf/fonts/type1/public/lm/lmsy10.pfb></usr/share/texmf/fonts/type1/public/lm/lmsy6.pfb></usr/share/texmf/fonts/type1/public/lm/lmsy7.pfb></usr/share/texmf/fonts/type1/public/lm/lmsy8.pfb>
Output written on build/presentation.pdf (32 pages, 35447057 bytes).
PDF statistics:
 1656 PDF objects out of 1728 (max. 8388607)
 1443 compressed objects within 15 object streams
 78 named destinations out of 1000 (max. 500000)
 43447 words of extra memory for PDF output out of 51595 (max. 10000000)

